<?xml version="1.0" encoding="UTF-8"?>
<coverage generated="1669062403112" clover="3.2.0">
  <project timestamp="1669062403112" name="All files">
    <metrics statements="410" coveredstatements="57" conditionals="152" coveredconditionals="15" methods="133" coveredmethods="17" elements="695" coveredelements="89" complexity="0" loc="410" ncloc="410" packages="4" files="32" classes="32"/>
    <package name="MAPD712-F2022-Group2-M2">
      <metrics statements="6" coveredstatements="0" conditionals="0" coveredconditionals="0" methods="4" coveredmethods="0"/>
      <file name="App.js" path="/Users/dicksenveloopillay/Desktop/Centennial modules/Semester 1/MAPD-712 web tech mobile platforms/Assignments/milestone 4/MAPD712-F2022-Group2-M4-final/MAPD712-F2022-Group2-M2/App.js">
        <metrics statements="6" coveredstatements="0" conditionals="0" coveredconditionals="0" methods="4" coveredmethods="0"/>
        <line num="19" count="0" type="stmt"/>
        <line num="22" count="0" type="stmt"/>
        <line num="71" count="0" type="stmt"/>
        <line num="73" count="0" type="stmt"/>
        <line num="127" count="0" type="stmt"/>
        <line num="217" count="0" type="stmt"/>
      </file>
    </package>
    <package name="MAPD712-F2022-Group2-M2.components">
      <metrics statements="61" coveredstatements="57" conditionals="28" coveredconditionals="15" methods="19" coveredmethods="17"/>
      <file name="ClinicalCard.js" path="/Users/dicksenveloopillay/Desktop/Centennial modules/Semester 1/MAPD-712 web tech mobile platforms/Assignments/milestone 4/MAPD712-F2022-Group2-M4-final/MAPD712-F2022-Group2-M2/components/ClinicalCard.js">
        <metrics statements="3" coveredstatements="3" conditionals="8" coveredconditionals="4" methods="1" coveredmethods="1"/>
        <line num="7" count="1" type="stmt"/>
        <line num="8" count="1" type="stmt"/>
        <line num="50" count="1" type="stmt"/>
      </file>
      <file name="CriticalConditionCard.js" path="/Users/dicksenveloopillay/Desktop/Centennial modules/Semester 1/MAPD-712 web tech mobile platforms/Assignments/milestone 4/MAPD712-F2022-Group2-M4-final/MAPD712-F2022-Group2-M2/components/CriticalConditionCard.js">
        <metrics statements="12" coveredstatements="9" conditionals="7" coveredconditionals="4" methods="4" coveredmethods="2"/>
        <line num="13" count="1" type="stmt"/>
        <line num="23" count="1" type="stmt"/>
        <line num="24" count="1" type="stmt"/>
        <line num="25" count="1" type="stmt"/>
        <line num="26" count="1" type="stmt"/>
        <line num="27" count="1" type="cond" truecount="3" falsecount="2"/>
        <line num="28" count="0" type="stmt"/>
        <line num="30" count="1" type="stmt"/>
        <line num="32" count="1" type="stmt"/>
        <line num="49" count="0" type="stmt"/>
        <line num="51" count="0" type="stmt"/>
        <line num="78" count="1" type="stmt"/>
      </file>
      <file name="CustomAppbar.js" path="/Users/dicksenveloopillay/Desktop/Centennial modules/Semester 1/MAPD-712 web tech mobile platforms/Assignments/milestone 4/MAPD712-F2022-Group2-M4-final/MAPD712-F2022-Group2-M2/components/CustomAppbar.js">
        <metrics statements="3" coveredstatements="3" conditionals="0" coveredconditionals="0" methods="1" coveredmethods="1"/>
        <line num="4" count="1" type="stmt"/>
        <line num="5" count="1" type="stmt"/>
        <line num="12" count="1" type="stmt"/>
      </file>
      <file name="CustomButton.js" path="/Users/dicksenveloopillay/Desktop/Centennial modules/Semester 1/MAPD-712 web tech mobile platforms/Assignments/milestone 4/MAPD712-F2022-Group2-M4-final/MAPD712-F2022-Group2-M2/components/CustomButton.js">
        <metrics statements="3" coveredstatements="3" conditionals="0" coveredconditionals="0" methods="1" coveredmethods="1"/>
        <line num="4" count="1" type="stmt"/>
        <line num="5" count="1" type="stmt"/>
        <line num="14" count="1" type="stmt"/>
      </file>
      <file name="CustomLoader.js" path="/Users/dicksenveloopillay/Desktop/Centennial modules/Semester 1/MAPD-712 web tech mobile platforms/Assignments/milestone 4/MAPD712-F2022-Group2-M4-final/MAPD712-F2022-Group2-M2/components/CustomLoader.js">
        <metrics statements="3" coveredstatements="3" conditionals="0" coveredconditionals="0" methods="1" coveredmethods="1"/>
        <line num="5" count="1" type="stmt"/>
        <line num="6" count="1" type="stmt"/>
        <line num="13" count="1" type="stmt"/>
      </file>
      <file name="DatePickerButton.js" path="/Users/dicksenveloopillay/Desktop/Centennial modules/Semester 1/MAPD-712 web tech mobile platforms/Assignments/milestone 4/MAPD712-F2022-Group2-M4-final/MAPD712-F2022-Group2-M2/components/DatePickerButton.js">
        <metrics statements="3" coveredstatements="3" conditionals="0" coveredconditionals="0" methods="1" coveredmethods="1"/>
        <line num="7" count="1" type="stmt"/>
        <line num="8" count="1" type="stmt"/>
        <line num="18" count="1" type="stmt"/>
      </file>
      <file name="FabButton.js" path="/Users/dicksenveloopillay/Desktop/Centennial modules/Semester 1/MAPD-712 web tech mobile platforms/Assignments/milestone 4/MAPD712-F2022-Group2-M4-final/MAPD712-F2022-Group2-M2/components/FabButton.js">
        <metrics statements="3" coveredstatements="3" conditionals="0" coveredconditionals="0" methods="1" coveredmethods="1"/>
        <line num="5" count="1" type="stmt"/>
        <line num="6" count="1" type="stmt"/>
        <line num="13" count="1" type="stmt"/>
      </file>
      <file name="FilterButton.js" path="/Users/dicksenveloopillay/Desktop/Centennial modules/Semester 1/MAPD-712 web tech mobile platforms/Assignments/milestone 4/MAPD712-F2022-Group2-M4-final/MAPD712-F2022-Group2-M2/components/FilterButton.js">
        <metrics statements="3" coveredstatements="3" conditionals="4" coveredconditionals="2" methods="1" coveredmethods="1"/>
        <line num="4" count="1" type="stmt"/>
        <line num="5" count="1" type="stmt"/>
        <line num="26" count="1" type="stmt"/>
      </file>
      <file name="LoadingOverlay.js" path="/Users/dicksenveloopillay/Desktop/Centennial modules/Semester 1/MAPD-712 web tech mobile platforms/Assignments/milestone 4/MAPD712-F2022-Group2-M4-final/MAPD712-F2022-Group2-M2/components/LoadingOverlay.js">
        <metrics statements="3" coveredstatements="3" conditionals="0" coveredconditionals="0" methods="1" coveredmethods="1"/>
        <line num="4" count="1" type="stmt"/>
        <line num="5" count="1" type="stmt"/>
        <line num="12" count="1" type="stmt"/>
      </file>
      <file name="ModalCard.js" path="/Users/dicksenveloopillay/Desktop/Centennial modules/Semester 1/MAPD-712 web tech mobile platforms/Assignments/milestone 4/MAPD712-F2022-Group2-M4-final/MAPD712-F2022-Group2-M2/components/ModalCard.js">
        <metrics statements="3" coveredstatements="3" conditionals="0" coveredconditionals="0" methods="1" coveredmethods="1"/>
        <line num="7" count="1" type="stmt"/>
        <line num="8" count="1" type="stmt"/>
        <line num="26" count="1" type="stmt"/>
      </file>
      <file name="NoClincalTests.js" path="/Users/dicksenveloopillay/Desktop/Centennial modules/Semester 1/MAPD-712 web tech mobile platforms/Assignments/milestone 4/MAPD712-F2022-Group2-M4-final/MAPD712-F2022-Group2-M2/components/NoClincalTests.js">
        <metrics statements="3" coveredstatements="3" conditionals="0" coveredconditionals="0" methods="1" coveredmethods="1"/>
        <line num="5" count="1" type="stmt"/>
        <line num="6" count="1" type="stmt"/>
        <line num="13" count="1" type="stmt"/>
      </file>
      <file name="NoClinicalRecords.js" path="/Users/dicksenveloopillay/Desktop/Centennial modules/Semester 1/MAPD-712 web tech mobile platforms/Assignments/milestone 4/MAPD712-F2022-Group2-M4-final/MAPD712-F2022-Group2-M2/components/NoClinicalRecords.js">
        <metrics statements="3" coveredstatements="3" conditionals="0" coveredconditionals="0" methods="1" coveredmethods="1"/>
        <line num="6" count="1" type="stmt"/>
        <line num="7" count="1" type="stmt"/>
        <line num="17" count="1" type="stmt"/>
      </file>
      <file name="NoPatients.js" path="/Users/dicksenveloopillay/Desktop/Centennial modules/Semester 1/MAPD-712 web tech mobile platforms/Assignments/milestone 4/MAPD712-F2022-Group2-M4-final/MAPD712-F2022-Group2-M2/components/NoPatients.js">
        <metrics statements="3" coveredstatements="3" conditionals="0" coveredconditionals="0" methods="1" coveredmethods="1"/>
        <line num="6" count="1" type="stmt"/>
        <line num="7" count="1" type="stmt"/>
        <line num="17" count="1" type="stmt"/>
      </file>
      <file name="PatientCard.js" path="/Users/dicksenveloopillay/Desktop/Centennial modules/Semester 1/MAPD-712 web tech mobile platforms/Assignments/milestone 4/MAPD712-F2022-Group2-M4-final/MAPD712-F2022-Group2-M2/components/PatientCard.js">
        <metrics statements="10" coveredstatements="9" conditionals="7" coveredconditionals="4" methods="2" coveredmethods="2"/>
        <line num="7" count="1" type="stmt"/>
        <line num="16" count="1" type="stmt"/>
        <line num="17" count="1" type="stmt"/>
        <line num="18" count="1" type="stmt"/>
        <line num="19" count="1" type="stmt"/>
        <line num="20" count="1" type="cond" truecount="3" falsecount="2"/>
        <line num="21" count="0" type="stmt"/>
        <line num="23" count="1" type="stmt"/>
        <line num="25" count="1" type="stmt"/>
        <line num="49" count="1" type="stmt"/>
      </file>
      <file name="RadioButton.js" path="/Users/dicksenveloopillay/Desktop/Centennial modules/Semester 1/MAPD-712 web tech mobile platforms/Assignments/milestone 4/MAPD712-F2022-Group2-M4-final/MAPD712-F2022-Group2-M2/components/RadioButton.js">
        <metrics statements="3" coveredstatements="3" conditionals="2" coveredconditionals="1" methods="1" coveredmethods="1"/>
        <line num="4" count="1" type="stmt"/>
        <line num="5" count="1" type="stmt"/>
        <line num="12" count="1" type="stmt"/>
      </file>
    </package>
    <package name="MAPD712-F2022-Group2-M2.validations">
      <metrics statements="6" coveredstatements="0" conditionals="0" coveredconditionals="0" methods="0" coveredmethods="0"/>
      <file name="AddBloodOxygenLevelSchema.js" path="/Users/dicksenveloopillay/Desktop/Centennial modules/Semester 1/MAPD-712 web tech mobile platforms/Assignments/milestone 4/MAPD712-F2022-Group2-M4-final/MAPD712-F2022-Group2-M2/validations/AddBloodOxygenLevelSchema.js">
        <metrics statements="1" coveredstatements="0" conditionals="0" coveredconditionals="0" methods="0" coveredmethods="0"/>
        <line num="3" count="0" type="stmt"/>
      </file>
      <file name="AddBloodPressureSchema.js" path="/Users/dicksenveloopillay/Desktop/Centennial modules/Semester 1/MAPD-712 web tech mobile platforms/Assignments/milestone 4/MAPD712-F2022-Group2-M4-final/MAPD712-F2022-Group2-M2/validations/AddBloodPressureSchema.js">
        <metrics statements="1" coveredstatements="0" conditionals="0" coveredconditionals="0" methods="0" coveredmethods="0"/>
        <line num="3" count="0" type="stmt"/>
      </file>
      <file name="AddHeartBeatRateSchema.js" path="/Users/dicksenveloopillay/Desktop/Centennial modules/Semester 1/MAPD-712 web tech mobile platforms/Assignments/milestone 4/MAPD712-F2022-Group2-M4-final/MAPD712-F2022-Group2-M2/validations/AddHeartBeatRateSchema.js">
        <metrics statements="1" coveredstatements="0" conditionals="0" coveredconditionals="0" methods="0" coveredmethods="0"/>
        <line num="3" count="0" type="stmt"/>
      </file>
      <file name="AddPatientSchema.js" path="/Users/dicksenveloopillay/Desktop/Centennial modules/Semester 1/MAPD-712 web tech mobile platforms/Assignments/milestone 4/MAPD712-F2022-Group2-M4-final/MAPD712-F2022-Group2-M2/validations/AddPatientSchema.js">
        <metrics statements="1" coveredstatements="0" conditionals="0" coveredconditionals="0" methods="0" coveredmethods="0"/>
        <line num="3" count="0" type="stmt"/>
      </file>
      <file name="AddRespiratoryRateScheme.js" path="/Users/dicksenveloopillay/Desktop/Centennial modules/Semester 1/MAPD-712 web tech mobile platforms/Assignments/milestone 4/MAPD712-F2022-Group2-M4-final/MAPD712-F2022-Group2-M2/validations/AddRespiratoryRateScheme.js">
        <metrics statements="1" coveredstatements="0" conditionals="0" coveredconditionals="0" methods="0" coveredmethods="0"/>
        <line num="3" count="0" type="stmt"/>
      </file>
      <file name="LoginSchema.js" path="/Users/dicksenveloopillay/Desktop/Centennial modules/Semester 1/MAPD-712 web tech mobile platforms/Assignments/milestone 4/MAPD712-F2022-Group2-M4-final/MAPD712-F2022-Group2-M2/validations/LoginSchema.js">
        <metrics statements="1" coveredstatements="0" conditionals="0" coveredconditionals="0" methods="0" coveredmethods="0"/>
        <line num="3" count="0" type="stmt"/>
      </file>
    </package>
    <package name="MAPD712-F2022-Group2-M2.views">
      <metrics statements="337" coveredstatements="0" conditionals="124" coveredconditionals="0" methods="110" coveredmethods="0"/>
      <file name="AddBloodOxygenLevelView.js" path="/Users/dicksenveloopillay/Desktop/Centennial modules/Semester 1/MAPD-712 web tech mobile platforms/Assignments/milestone 4/MAPD712-F2022-Group2-M4-final/MAPD712-F2022-Group2-M2/views/AddBloodOxygenLevelView.js">
        <metrics statements="26" coveredstatements="0" conditionals="12" coveredconditionals="0" methods="9" coveredmethods="0"/>
        <line num="26" count="0" type="stmt"/>
        <line num="27" count="0" type="stmt"/>
        <line num="29" count="0" type="stmt"/>
        <line num="31" count="0" type="stmt"/>
        <line num="33" count="0" type="stmt"/>
        <line num="34" count="0" type="stmt"/>
        <line num="37" count="0" type="stmt"/>
        <line num="38" count="0" type="stmt"/>
        <line num="41" count="0" type="stmt"/>
        <line num="42" count="0" type="stmt"/>
        <line num="44" count="0" type="stmt"/>
        <line num="46" count="0" type="stmt"/>
        <line num="48" count="0" type="stmt"/>
        <line num="58" count="0" type="stmt"/>
        <line num="59" count="0" type="cond" truecount="0" falsecount="2"/>
        <line num="60" count="0" type="stmt"/>
        <line num="62" count="0" type="stmt"/>
        <line num="64" count="0" type="stmt"/>
        <line num="83" count="0" type="cond" truecount="0" falsecount="2"/>
        <line num="84" count="0" type="stmt"/>
        <line num="86" count="0" type="stmt"/>
        <line num="90" count="0" type="stmt"/>
        <line num="91" count="0" type="stmt"/>
        <line num="92" count="0" type="stmt"/>
        <line num="106" count="0" type="stmt"/>
        <line num="175" count="0" type="stmt"/>
      </file>
      <file name="AddBloodPressureView.js" path="/Users/dicksenveloopillay/Desktop/Centennial modules/Semester 1/MAPD-712 web tech mobile platforms/Assignments/milestone 4/MAPD712-F2022-Group2-M4-final/MAPD712-F2022-Group2-M2/views/AddBloodPressureView.js">
        <metrics statements="27" coveredstatements="0" conditionals="14" coveredconditionals="0" methods="9" coveredmethods="0"/>
        <line num="25" count="0" type="stmt"/>
        <line num="26" count="0" type="stmt"/>
        <line num="27" count="0" type="stmt"/>
        <line num="29" count="0" type="stmt"/>
        <line num="31" count="0" type="stmt"/>
        <line num="33" count="0" type="stmt"/>
        <line num="34" count="0" type="stmt"/>
        <line num="37" count="0" type="stmt"/>
        <line num="38" count="0" type="stmt"/>
        <line num="41" count="0" type="stmt"/>
        <line num="42" count="0" type="stmt"/>
        <line num="44" count="0" type="stmt"/>
        <line num="46" count="0" type="stmt"/>
        <line num="48" count="0" type="stmt"/>
        <line num="59" count="0" type="cond" truecount="0" falsecount="2"/>
        <line num="60" count="0" type="stmt"/>
        <line num="62" count="0" type="stmt"/>
        <line num="63" count="0" type="stmt"/>
        <line num="65" count="0" type="stmt"/>
        <line num="85" count="0" type="cond" truecount="0" falsecount="2"/>
        <line num="86" count="0" type="stmt"/>
        <line num="88" count="0" type="stmt"/>
        <line num="92" count="0" type="stmt"/>
        <line num="93" count="0" type="stmt"/>
        <line num="94" count="0" type="stmt"/>
        <line num="108" count="0" type="stmt"/>
        <line num="196" count="0" type="stmt"/>
      </file>
      <file name="AddHeartBeatRateView.js" path="/Users/dicksenveloopillay/Desktop/Centennial modules/Semester 1/MAPD-712 web tech mobile platforms/Assignments/milestone 4/MAPD712-F2022-Group2-M4-final/MAPD712-F2022-Group2-M2/views/AddHeartBeatRateView.js">
        <metrics statements="26" coveredstatements="0" conditionals="12" coveredconditionals="0" methods="9" coveredmethods="0"/>
        <line num="25" count="0" type="stmt"/>
        <line num="26" count="0" type="stmt"/>
        <line num="28" count="0" type="stmt"/>
        <line num="30" count="0" type="stmt"/>
        <line num="32" count="0" type="stmt"/>
        <line num="33" count="0" type="stmt"/>
        <line num="36" count="0" type="stmt"/>
        <line num="37" count="0" type="stmt"/>
        <line num="40" count="0" type="stmt"/>
        <line num="41" count="0" type="stmt"/>
        <line num="43" count="0" type="stmt"/>
        <line num="45" count="0" type="stmt"/>
        <line num="47" count="0" type="stmt"/>
        <line num="57" count="0" type="stmt"/>
        <line num="58" count="0" type="cond" truecount="0" falsecount="2"/>
        <line num="59" count="0" type="stmt"/>
        <line num="61" count="0" type="stmt"/>
        <line num="63" count="0" type="stmt"/>
        <line num="82" count="0" type="cond" truecount="0" falsecount="2"/>
        <line num="83" count="0" type="stmt"/>
        <line num="85" count="0" type="stmt"/>
        <line num="89" count="0" type="stmt"/>
        <line num="90" count="0" type="stmt"/>
        <line num="91" count="0" type="stmt"/>
        <line num="105" count="0" type="stmt"/>
        <line num="173" count="0" type="stmt"/>
      </file>
      <file name="AddPatientView.js" path="/Users/dicksenveloopillay/Desktop/Centennial modules/Semester 1/MAPD-712 web tech mobile platforms/Assignments/milestone 4/MAPD712-F2022-Group2-M4-final/MAPD712-F2022-Group2-M2/views/AddPatientView.js">
        <metrics statements="34" coveredstatements="0" conditionals="22" coveredconditionals="0" methods="11" coveredmethods="0"/>
        <line num="25" count="0" type="stmt"/>
        <line num="26" count="0" type="stmt"/>
        <line num="27" count="0" type="stmt"/>
        <line num="28" count="0" type="stmt"/>
        <line num="29" count="0" type="stmt"/>
        <line num="30" count="0" type="stmt"/>
        <line num="31" count="0" type="stmt"/>
        <line num="32" count="0" type="stmt"/>
        <line num="34" count="0" type="stmt"/>
        <line num="36" count="0" type="stmt"/>
        <line num="38" count="0" type="stmt"/>
        <line num="39" count="0" type="stmt"/>
        <line num="42" count="0" type="stmt"/>
        <line num="43" count="0" type="stmt"/>
        <line num="46" count="0" type="stmt"/>
        <line num="47" count="0" type="stmt"/>
        <line num="49" count="0" type="stmt"/>
        <line num="51" count="0" type="stmt"/>
        <line num="54" count="0" type="stmt"/>
        <line num="67" count="0" type="cond" truecount="0" falsecount="2"/>
        <line num="68" count="0" type="stmt"/>
        <line num="70" count="0" type="stmt"/>
        <line num="71" count="0" type="stmt"/>
        <line num="73" count="0" type="stmt"/>
        <line num="90" count="0" type="cond" truecount="0" falsecount="2"/>
        <line num="91" count="0" type="stmt"/>
        <line num="93" count="0" type="stmt"/>
        <line num="97" count="0" type="stmt"/>
        <line num="98" count="0" type="stmt"/>
        <line num="101" count="0" type="stmt"/>
        <line num="115" count="0" type="stmt"/>
        <line num="192" count="0" type="stmt"/>
        <line num="199" count="0" type="stmt"/>
        <line num="228" count="0" type="stmt"/>
      </file>
      <file name="AddRespiratoryRateView.js" path="/Users/dicksenveloopillay/Desktop/Centennial modules/Semester 1/MAPD-712 web tech mobile platforms/Assignments/milestone 4/MAPD712-F2022-Group2-M4-final/MAPD712-F2022-Group2-M2/views/AddRespiratoryRateView.js">
        <metrics statements="26" coveredstatements="0" conditionals="12" coveredconditionals="0" methods="9" coveredmethods="0"/>
        <line num="25" count="0" type="stmt"/>
        <line num="26" count="0" type="stmt"/>
        <line num="28" count="0" type="stmt"/>
        <line num="30" count="0" type="stmt"/>
        <line num="32" count="0" type="stmt"/>
        <line num="33" count="0" type="stmt"/>
        <line num="36" count="0" type="stmt"/>
        <line num="37" count="0" type="stmt"/>
        <line num="40" count="0" type="stmt"/>
        <line num="41" count="0" type="stmt"/>
        <line num="43" count="0" type="stmt"/>
        <line num="45" count="0" type="stmt"/>
        <line num="47" count="0" type="stmt"/>
        <line num="57" count="0" type="stmt"/>
        <line num="58" count="0" type="cond" truecount="0" falsecount="2"/>
        <line num="59" count="0" type="stmt"/>
        <line num="61" count="0" type="stmt"/>
        <line num="63" count="0" type="stmt"/>
        <line num="82" count="0" type="cond" truecount="0" falsecount="2"/>
        <line num="83" count="0" type="stmt"/>
        <line num="85" count="0" type="stmt"/>
        <line num="89" count="0" type="stmt"/>
        <line num="90" count="0" type="stmt"/>
        <line num="91" count="0" type="stmt"/>
        <line num="105" count="0" type="stmt"/>
        <line num="174" count="0" type="stmt"/>
      </file>
      <file name="HomeView.js" path="/Users/dicksenveloopillay/Desktop/Centennial modules/Semester 1/MAPD-712 web tech mobile platforms/Assignments/milestone 4/MAPD712-F2022-Group2-M4-final/MAPD712-F2022-Group2-M2/views/HomeView.js">
        <metrics statements="86" coveredstatements="0" conditionals="16" coveredconditionals="0" methods="25" coveredmethods="0"/>
        <line num="24" count="0" type="stmt"/>
        <line num="25" count="0" type="stmt"/>
        <line num="26" count="0" type="stmt"/>
        <line num="27" count="0" type="stmt"/>
        <line num="28" count="0" type="stmt"/>
        <line num="29" count="0" type="stmt"/>
        <line num="30" count="0" type="stmt"/>
        <line num="31" count="0" type="stmt"/>
        <line num="33" count="0" type="stmt"/>
        <line num="41" count="0" type="stmt"/>
        <line num="42" count="0" type="stmt"/>
        <line num="43" count="0" type="stmt"/>
        <line num="45" count="0" type="stmt"/>
        <line num="51" count="0" type="stmt"/>
        <line num="52" count="0" type="stmt"/>
        <line num="53" count="0" type="stmt"/>
        <line num="54" count="0" type="stmt"/>
        <line num="55" count="0" type="stmt"/>
        <line num="56" count="0" type="stmt"/>
        <line num="58" count="0" type="cond" truecount="0" falsecount="2"/>
        <line num="59" count="0" type="stmt"/>
        <line num="60" count="0" type="stmt"/>
        <line num="63" count="0" type="stmt"/>
        <line num="65" count="0" type="stmt"/>
        <line num="66" count="0" type="stmt"/>
        <line num="69" count="0" type="stmt"/>
        <line num="70" count="0" type="stmt"/>
        <line num="75" count="0" type="stmt"/>
        <line num="76" count="0" type="stmt"/>
        <line num="77" count="0" type="stmt"/>
        <line num="78" count="0" type="stmt"/>
        <line num="79" count="0" type="stmt"/>
        <line num="80" count="0" type="stmt"/>
        <line num="82" count="0" type="cond" truecount="0" falsecount="2"/>
        <line num="83" count="0" type="stmt"/>
        <line num="84" count="0" type="stmt"/>
        <line num="87" count="0" type="stmt"/>
        <line num="89" count="0" type="stmt"/>
        <line num="90" count="0" type="stmt"/>
        <line num="93" count="0" type="stmt"/>
        <line num="94" count="0" type="stmt"/>
        <line num="99" count="0" type="stmt"/>
        <line num="100" count="0" type="stmt"/>
        <line num="101" count="0" type="stmt"/>
        <line num="102" count="0" type="stmt"/>
        <line num="103" count="0" type="stmt"/>
        <line num="104" count="0" type="stmt"/>
        <line num="106" count="0" type="cond" truecount="0" falsecount="2"/>
        <line num="108" count="0" type="stmt"/>
        <line num="109" count="0" type="stmt"/>
        <line num="110" count="0" type="stmt"/>
        <line num="112" count="0" type="stmt"/>
        <line num="113" count="0" type="stmt"/>
        <line num="116" count="0" type="stmt"/>
        <line num="118" count="0" type="stmt"/>
        <line num="122" count="0" type="stmt"/>
        <line num="123" count="0" type="stmt"/>
        <line num="124" count="0" type="stmt"/>
        <line num="125" count="0" type="stmt"/>
        <line num="127" count="0" type="stmt"/>
        <line num="129" count="0" type="cond" truecount="0" falsecount="2"/>
        <line num="131" count="0" type="stmt"/>
        <line num="134" count="0" type="stmt"/>
        <line num="139" count="0" type="stmt"/>
        <line num="156" count="0" type="stmt"/>
        <line num="157" count="0" type="stmt"/>
        <line num="166" count="0" type="stmt"/>
        <line num="167" count="0" type="stmt"/>
        <line num="176" count="0" type="stmt"/>
        <line num="177" count="0" type="stmt"/>
        <line num="189" count="0" type="stmt"/>
        <line num="191" count="0" type="stmt"/>
        <line num="202" count="0" type="stmt"/>
        <line num="205" count="0" type="stmt"/>
        <line num="220" count="0" type="stmt"/>
        <line num="224" count="0" type="stmt"/>
        <line num="226" count="0" type="cond" truecount="0" falsecount="2"/>
        <line num="231" count="0" type="stmt"/>
        <line num="232" count="0" type="stmt"/>
        <line num="233" count="0" type="stmt"/>
        <line num="245" count="0" type="stmt"/>
        <line num="246" count="0" type="stmt"/>
        <line num="247" count="0" type="stmt"/>
        <line num="258" count="0" type="cond" truecount="0" falsecount="2"/>
        <line num="266" count="0" type="stmt"/>
        <line num="273" count="0" type="stmt"/>
      </file>
      <file name="LoginView.js" path="/Users/dicksenveloopillay/Desktop/Centennial modules/Semester 1/MAPD-712 web tech mobile platforms/Assignments/milestone 4/MAPD712-F2022-Group2-M4-final/MAPD712-F2022-Group2-M2/views/LoginView.js">
        <metrics statements="15" coveredstatements="0" conditionals="6" coveredconditionals="0" methods="5" coveredmethods="0"/>
        <line num="17" count="0" type="stmt"/>
        <line num="18" count="0" type="stmt"/>
        <line num="21" count="0" type="stmt"/>
        <line num="22" count="0" type="stmt"/>
        <line num="23" count="0" type="stmt"/>
        <line num="25" count="0" type="stmt"/>
        <line num="29" count="0" type="stmt"/>
        <line num="47" count="0" type="stmt"/>
        <line num="48" count="0" type="stmt"/>
        <line num="49" count="0" type="stmt"/>
        <line num="51" count="0" type="stmt"/>
        <line num="53" count="0" type="stmt"/>
        <line num="54" count="0" type="stmt"/>
        <line num="66" count="0" type="stmt"/>
        <line num="118" count="0" type="stmt"/>
      </file>
      <file name="PatientClinicalView.js" path="/Users/dicksenveloopillay/Desktop/Centennial modules/Semester 1/MAPD-712 web tech mobile platforms/Assignments/milestone 4/MAPD712-F2022-Group2-M4-final/MAPD712-F2022-Group2-M2/views/PatientClinicalView.js">
        <metrics statements="39" coveredstatements="0" conditionals="6" coveredconditionals="0" methods="18" coveredmethods="0"/>
        <line num="20" count="0" type="stmt"/>
        <line num="21" count="0" type="stmt"/>
        <line num="22" count="0" type="stmt"/>
        <line num="23" count="0" type="stmt"/>
        <line num="24" count="0" type="stmt"/>
        <line num="26" count="0" type="stmt"/>
        <line num="27" count="0" type="stmt"/>
        <line num="28" count="0" type="stmt"/>
        <line num="29" count="0" type="stmt"/>
        <line num="30" count="0" type="stmt"/>
        <line num="33" count="0" type="stmt"/>
        <line num="35" count="0" type="cond" truecount="0" falsecount="2"/>
        <line num="36" count="0" type="stmt"/>
        <line num="37" count="0" type="stmt"/>
        <line num="39" count="0" type="stmt"/>
        <line num="40" count="0" type="stmt"/>
        <line num="43" count="0" type="stmt"/>
        <line num="44" count="0" type="stmt"/>
        <line num="48" count="0" type="stmt"/>
        <line num="49" count="0" type="stmt"/>
        <line num="52" count="0" type="stmt"/>
        <line num="68" count="0" type="stmt"/>
        <line num="69" count="0" type="stmt"/>
        <line num="78" count="0" type="stmt"/>
        <line num="79" count="0" type="stmt"/>
        <line num="87" count="0" type="stmt"/>
        <line num="88" count="0" type="stmt"/>
        <line num="97" count="0" type="stmt"/>
        <line num="98" count="0" type="stmt"/>
        <line num="107" count="0" type="stmt"/>
        <line num="108" count="0" type="stmt"/>
        <line num="117" count="0" type="stmt"/>
        <line num="118" count="0" type="stmt"/>
        <line num="130" count="0" type="stmt"/>
        <line num="134" count="0" type="stmt"/>
        <line num="136" count="0" type="stmt"/>
        <line num="144" count="0" type="stmt"/>
        <line num="149" count="0" type="stmt"/>
        <line num="156" count="0" type="stmt"/>
      </file>
      <file name="SplashView.js" path="/Users/dicksenveloopillay/Desktop/Centennial modules/Semester 1/MAPD-712 web tech mobile platforms/Assignments/milestone 4/MAPD712-F2022-Group2-M4-final/MAPD712-F2022-Group2-M2/views/SplashView.js">
        <metrics statements="13" coveredstatements="0" conditionals="2" coveredconditionals="0" methods="3" coveredmethods="0"/>
        <line num="6" count="0" type="stmt"/>
        <line num="8" count="0" type="stmt"/>
        <line num="9" count="0" type="stmt"/>
        <line num="10" count="0" type="stmt"/>
        <line num="12" count="0" type="cond" truecount="0" falsecount="2"/>
        <line num="14" count="0" type="stmt"/>
        <line num="16" count="0" type="stmt"/>
        <line num="20" count="0" type="stmt"/>
        <line num="21" count="0" type="stmt"/>
        <line num="25" count="0" type="stmt"/>
        <line num="26" count="0" type="stmt"/>
        <line num="29" count="0" type="stmt"/>
        <line num="36" count="0" type="stmt"/>
      </file>
      <file name="ViewGeneral.js" path="/Users/dicksenveloopillay/Desktop/Centennial modules/Semester 1/MAPD-712 web tech mobile platforms/Assignments/milestone 4/MAPD712-F2022-Group2-M4-final/MAPD712-F2022-Group2-M2/views/ViewGeneral.js">
        <metrics statements="45" coveredstatements="0" conditionals="22" coveredconditionals="0" methods="12" coveredmethods="0"/>
        <line num="27" count="0" type="stmt"/>
        <line num="28" count="0" type="stmt"/>
        <line num="29" count="0" type="stmt"/>
        <line num="30" count="0" type="stmt"/>
        <line num="31" count="0" type="stmt"/>
        <line num="32" count="0" type="stmt"/>
        <line num="33" count="0" type="stmt"/>
        <line num="34" count="0" type="stmt"/>
        <line num="36" count="0" type="stmt"/>
        <line num="38" count="0" type="stmt"/>
        <line num="39" count="0" type="stmt"/>
        <line num="41" count="0" type="stmt"/>
        <line num="46" count="0" type="stmt"/>
        <line num="47" count="0" type="stmt"/>
        <line num="48" count="0" type="stmt"/>
        <line num="49" count="0" type="stmt"/>
        <line num="51" count="0" type="stmt"/>
        <line num="52" count="0" type="stmt"/>
        <line num="53" count="0" type="stmt"/>
        <line num="54" count="0" type="stmt"/>
        <line num="55" count="0" type="stmt"/>
        <line num="56" count="0" type="stmt"/>
        <line num="57" count="0" type="stmt"/>
        <line num="59" count="0" type="stmt"/>
        <line num="62" count="0" type="stmt"/>
        <line num="63" count="0" type="stmt"/>
        <line num="67" count="0" type="stmt"/>
        <line num="69" count="0" type="stmt"/>
        <line num="72" count="0" type="stmt"/>
        <line num="73" count="0" type="stmt"/>
        <line num="76" count="0" type="stmt"/>
        <line num="77" count="0" type="stmt"/>
        <line num="80" count="0" type="stmt"/>
        <line num="81" count="0" type="stmt"/>
        <line num="83" count="0" type="stmt"/>
        <line num="85" count="0" type="stmt"/>
        <line num="88" count="0" type="stmt"/>
        <line num="105" count="0" type="cond" truecount="0" falsecount="2"/>
        <line num="106" count="0" type="stmt"/>
        <line num="108" count="0" type="stmt"/>
        <line num="109" count="0" type="stmt"/>
        <line num="110" count="0" type="stmt"/>
        <line num="111" count="0" type="stmt"/>
        <line num="124" count="0" type="stmt"/>
        <line num="248" count="0" type="stmt"/>
      </file>
    </package>
  </project>
</coverage>
