{"/Users/dicksenveloopillay/Desktop/Centennial modules/Semester 1/MAPD-712 web tech mobile platforms/Assignments/milestone 4/MAPD712-F2022-Group2-M4-final/MAPD712-F2022-Group2-M2/App.js": {"path":"/Users/dicksenveloopillay/Desktop/Centennial modules/Semester 1/MAPD-712 web tech mobile platforms/Assignments/milestone 4/MAPD712-F2022-Group2-M4-final/MAPD712-F2022-Group2-M2/App.js","statementMap":{"0":{"start":{"line":19,"column":14},"end":{"line":19,"column":42}},"1":{"start":{"line":22,"column":2},"end":{"line":214,"column":4}},"2":{"start":{"line":71,"column":14},"end":{"line":77,"column":33}},"3":{"start":{"line":73,"column":18},"end":{"line":73,"column":39}},"4":{"start":{"line":127,"column":35},"end":{"line":138,"column":11}},"5":{"start":{"line":217,"column":15},"end":{"line":217,"column":36}}},"fnMap":{"0":{"name":"App","decl":{"start":{"line":21,"column":24},"end":{"line":21,"column":27}},"loc":{"start":{"line":21,"column":30},"end":{"line":215,"column":1}},"line":21},"1":{"name":"(anonymous_1)","decl":{"start":{"line":70,"column":25},"end":{"line":70,"column":26}},"loc":{"start":{"line":71,"column":14},"end":{"line":77,"column":33}},"line":71},"2":{"name":"(anonymous_2)","decl":{"start":{"line":72,"column":25},"end":{"line":72,"column":26}},"loc":{"start":{"line":72,"column":31},"end":{"line":74,"column":17}},"line":72},"3":{"name":"(anonymous_3)","decl":{"start":{"line":127,"column":19},"end":{"line":127,"column":20}},"loc":{"start":{"line":127,"column":35},"end":{"line":138,"column":11}},"line":127}},"branchMap":{},"s":{"0":0,"1":0,"2":0,"3":0,"4":0,"5":0},"f":{"0":0,"1":0,"2":0,"3":0},"b":{}}
,"/Users/dicksenveloopillay/Desktop/Centennial modules/Semester 1/MAPD-712 web tech mobile platforms/Assignments/milestone 4/MAPD712-F2022-Group2-M4-final/MAPD712-F2022-Group2-M2/components/ClinicalCard.js": {"path":"/Users/dicksenveloopillay/Desktop/Centennial modules/Semester 1/MAPD-712 web tech mobile platforms/Assignments/milestone 4/MAPD712-F2022-Group2-M4-final/MAPD712-F2022-Group2-M2/components/ClinicalCard.js","statementMap":{"0":{"start":{"line":7,"column":21},"end":{"line":48,"column":1}},"1":{"start":{"line":8,"column":2},"end":{"line":47,"column":4}},"2":{"start":{"line":50,"column":15},"end":{"line":100,"column":2}}},"fnMap":{"0":{"name":"(anonymous_0)","decl":{"start":{"line":7,"column":21},"end":{"line":7,"column":22}},"loc":{"start":{"line":7,"column":62},"end":{"line":48,"column":1}},"line":7}},"branchMap":{"0":{"loc":{"start":{"line":16,"column":11},"end":{"line":21,"column":11}},"type":"binary-expr","locations":[{"start":{"line":16,"column":11},"end":{"line":16,"column":40}},{"start":{"line":17,"column":12},"end":{"line":20,"column":19}}],"line":16},"1":{"loc":{"start":{"line":22,"column":11},"end":{"line":26,"column":11}},"type":"binary-expr","locations":[{"start":{"line":22,"column":11},"end":{"line":22,"column":42}},{"start":{"line":23,"column":12},"end":{"line":25,"column":19}}],"line":22},"2":{"loc":{"start":{"line":27,"column":11},"end":{"line":31,"column":11}},"type":"binary-expr","locations":[{"start":{"line":27,"column":11},"end":{"line":27,"column":44}},{"start":{"line":28,"column":12},"end":{"line":30,"column":19}}],"line":27},"3":{"loc":{"start":{"line":32,"column":11},"end":{"line":36,"column":11}},"type":"binary-expr","locations":[{"start":{"line":32,"column":11},"end":{"line":32,"column":41}},{"start":{"line":33,"column":12},"end":{"line":35,"column":19}}],"line":32}},"s":{"0":1,"1":1,"2":1},"f":{"0":1},"b":{"0":[1,0],"1":[1,0],"2":[1,0],"3":[1,0]},"_coverageSchema":"1a1c01bbd47fc00a2c39e90264f33305004495a9","hash":"2a38eabbd4b04c36d9e5d833af03575c4737992b"}
,"/Users/dicksenveloopillay/Desktop/Centennial modules/Semester 1/MAPD-712 web tech mobile platforms/Assignments/milestone 4/MAPD712-F2022-Group2-M4-final/MAPD712-F2022-Group2-M2/components/CriticalConditionCard.js": {"path":"/Users/dicksenveloopillay/Desktop/Centennial modules/Semester 1/MAPD-712 web tech mobile platforms/Assignments/milestone 4/MAPD712-F2022-Group2-M4-final/MAPD712-F2022-Group2-M2/components/CriticalConditionCard.js","statementMap":{"0":{"start":{"line":13,"column":30},"end":{"line":76,"column":1}},"1":{"start":{"line":23,"column":16},"end":{"line":23,"column":26}},"2":{"start":{"line":24,"column":20},"end":{"line":24,"column":40}},"3":{"start":{"line":25,"column":14},"end":{"line":25,"column":59}},"4":{"start":{"line":26,"column":12},"end":{"line":26,"column":51}},"5":{"start":{"line":27,"column":4},"end":{"line":29,"column":5}},"6":{"start":{"line":28,"column":6},"end":{"line":28,"column":12}},"7":{"start":{"line":30,"column":4},"end":{"line":30,"column":15}},"8":{"start":{"line":32,"column":2},"end":{"line":75,"column":4}},"9":{"start":{"line":49,"column":36},"end":{"line":49,"column":40}},"10":{"start":{"line":51,"column":14},"end":{"line":65,"column":21}},"11":{"start":{"line":78,"column":15},"end":{"line":126,"column":2}}},"fnMap":{"0":{"name":"(anonymous_0)","decl":{"start":{"line":13,"column":30},"end":{"line":13,"column":31}},"loc":{"start":{"line":21,"column":6},"end":{"line":76,"column":1}},"line":21},"1":{"name":"getAge","decl":{"start":{"line":22,"column":11},"end":{"line":22,"column":17}},"loc":{"start":{"line":22,"column":30},"end":{"line":31,"column":3}},"line":22},"2":{"name":"(anonymous_2)","decl":{"start":{"line":49,"column":26},"end":{"line":49,"column":27}},"loc":{"start":{"line":49,"column":36},"end":{"line":49,"column":40}},"line":49},"3":{"name":"(anonymous_3)","decl":{"start":{"line":50,"column":24},"end":{"line":50,"column":25}},"loc":{"start":{"line":51,"column":14},"end":{"line":65,"column":21}},"line":51}},"branchMap":{"0":{"loc":{"start":{"line":27,"column":4},"end":{"line":29,"column":5}},"type":"if","locations":[{"start":{"line":27,"column":4},"end":{"line":29,"column":5}},{"start":{},"end":{}}],"line":27},"1":{"loc":{"start":{"line":27,"column":8},"end":{"line":27,"column":67}},"type":"binary-expr","locations":[{"start":{"line":27,"column":8},"end":{"line":27,"column":13}},{"start":{"line":27,"column":18},"end":{"line":27,"column":25}},{"start":{"line":27,"column":29},"end":{"line":27,"column":66}}],"line":27},"2":{"loc":{"start":{"line":44,"column":13},"end":{"line":44,"column":44}},"type":"cond-expr","locations":[{"start":{"line":44,"column":27},"end":{"line":44,"column":33}},{"start":{"line":44,"column":36},"end":{"line":44,"column":44}}],"line":44}},"s":{"0":1,"1":1,"2":1,"3":1,"4":1,"5":1,"6":0,"7":1,"8":1,"9":0,"10":0,"11":1},"f":{"0":1,"1":1,"2":0,"3":0},"b":{"0":[0,1],"1":[1,1,0],"2":[0,1]},"_coverageSchema":"1a1c01bbd47fc00a2c39e90264f33305004495a9","hash":"88d9a7aa90af15ba0e4fadec583fa135e6bd62ac"}
,"/Users/dicksenveloopillay/Desktop/Centennial modules/Semester 1/MAPD-712 web tech mobile platforms/Assignments/milestone 4/MAPD712-F2022-Group2-M4-final/MAPD712-F2022-Group2-M2/components/CustomAppbar.js": {"path":"/Users/dicksenveloopillay/Desktop/Centennial modules/Semester 1/MAPD-712 web tech mobile platforms/Assignments/milestone 4/MAPD712-F2022-Group2-M4-final/MAPD712-F2022-Group2-M2/components/CustomAppbar.js","statementMap":{"0":{"start":{"line":4,"column":21},"end":{"line":10,"column":1}},"1":{"start":{"line":5,"column":2},"end":{"line":9,"column":4}},"2":{"start":{"line":12,"column":15},"end":{"line":28,"column":2}}},"fnMap":{"0":{"name":"(anonymous_0)","decl":{"start":{"line":4,"column":21},"end":{"line":4,"column":22}},"loc":{"start":{"line":4,"column":36},"end":{"line":10,"column":1}},"line":4}},"branchMap":{},"s":{"0":1,"1":1,"2":1},"f":{"0":1},"b":{},"_coverageSchema":"1a1c01bbd47fc00a2c39e90264f33305004495a9","hash":"95e0324ef99a22fdec770b1793e1c0606ad5f122"}
,"/Users/dicksenveloopillay/Desktop/Centennial modules/Semester 1/MAPD-712 web tech mobile platforms/Assignments/milestone 4/MAPD712-F2022-Group2-M4-final/MAPD712-F2022-Group2-M2/components/CustomButton.js": {"path":"/Users/dicksenveloopillay/Desktop/Centennial modules/Semester 1/MAPD-712 web tech mobile platforms/Assignments/milestone 4/MAPD712-F2022-Group2-M4-final/MAPD712-F2022-Group2-M2/components/CustomButton.js","statementMap":{"0":{"start":{"line":4,"column":21},"end":{"line":12,"column":1}},"1":{"start":{"line":5,"column":2},"end":{"line":11,"column":4}},"2":{"start":{"line":14,"column":15},"end":{"line":28,"column":2}}},"fnMap":{"0":{"name":"(anonymous_0)","decl":{"start":{"line":4,"column":21},"end":{"line":4,"column":22}},"loc":{"start":{"line":4,"column":45},"end":{"line":12,"column":1}},"line":4}},"branchMap":{},"s":{"0":1,"1":1,"2":1},"f":{"0":1},"b":{},"_coverageSchema":"1a1c01bbd47fc00a2c39e90264f33305004495a9","hash":"4e2593373425e035e90c53047ae335dd90ab8d5f"}
,"/Users/dicksenveloopillay/Desktop/Centennial modules/Semester 1/MAPD-712 web tech mobile platforms/Assignments/milestone 4/MAPD712-F2022-Group2-M4-final/MAPD712-F2022-Group2-M2/components/CustomLoader.js": {"path":"/Users/dicksenveloopillay/Desktop/Centennial modules/Semester 1/MAPD-712 web tech mobile platforms/Assignments/milestone 4/MAPD712-F2022-Group2-M4-final/MAPD712-F2022-Group2-M2/components/CustomLoader.js","statementMap":{"0":{"start":{"line":5,"column":21},"end":{"line":11,"column":1}},"1":{"start":{"line":6,"column":2},"end":{"line":10,"column":4}},"2":{"start":{"line":13,"column":15},"end":{"line":24,"column":2}}},"fnMap":{"0":{"name":"(anonymous_0)","decl":{"start":{"line":5,"column":21},"end":{"line":5,"column":22}},"loc":{"start":{"line":5,"column":27},"end":{"line":11,"column":1}},"line":5}},"branchMap":{},"s":{"0":1,"1":1,"2":1},"f":{"0":1},"b":{},"_coverageSchema":"1a1c01bbd47fc00a2c39e90264f33305004495a9","hash":"cd226da8593005643282d99f670cc6bf0f7fafd8"}
,"/Users/dicksenveloopillay/Desktop/Centennial modules/Semester 1/MAPD-712 web tech mobile platforms/Assignments/milestone 4/MAPD712-F2022-Group2-M4-final/MAPD712-F2022-Group2-M2/components/DatePickerButton.js": {"path":"/Users/dicksenveloopillay/Desktop/Centennial modules/Semester 1/MAPD-712 web tech mobile platforms/Assignments/milestone 4/MAPD712-F2022-Group2-M4-final/MAPD712-F2022-Group2-M2/components/DatePickerButton.js","statementMap":{"0":{"start":{"line":7,"column":25},"end":{"line":16,"column":1}},"1":{"start":{"line":8,"column":2},"end":{"line":15,"column":4}},"2":{"start":{"line":18,"column":15},"end":{"line":34,"column":2}}},"fnMap":{"0":{"name":"(anonymous_0)","decl":{"start":{"line":7,"column":25},"end":{"line":7,"column":26}},"loc":{"start":{"line":7,"column":49},"end":{"line":16,"column":1}},"line":7}},"branchMap":{},"s":{"0":1,"1":1,"2":1},"f":{"0":1},"b":{},"_coverageSchema":"1a1c01bbd47fc00a2c39e90264f33305004495a9","hash":"98799e3f7f0d5656b8c0584c6f0a709f08c5a94c"}
,"/Users/dicksenveloopillay/Desktop/Centennial modules/Semester 1/MAPD-712 web tech mobile platforms/Assignments/milestone 4/MAPD712-F2022-Group2-M4-final/MAPD712-F2022-Group2-M2/components/FabButton.js": {"path":"/Users/dicksenveloopillay/Desktop/Centennial modules/Semester 1/MAPD-712 web tech mobile platforms/Assignments/milestone 4/MAPD712-F2022-Group2-M4-final/MAPD712-F2022-Group2-M2/components/FabButton.js","statementMap":{"0":{"start":{"line":5,"column":18},"end":{"line":11,"column":1}},"1":{"start":{"line":6,"column":2},"end":{"line":10,"column":4}},"2":{"start":{"line":13,"column":15},"end":{"line":25,"column":2}}},"fnMap":{"0":{"name":"(anonymous_0)","decl":{"start":{"line":5,"column":18},"end":{"line":5,"column":19}},"loc":{"start":{"line":5,"column":24},"end":{"line":11,"column":1}},"line":5}},"branchMap":{},"s":{"0":1,"1":1,"2":1},"f":{"0":1},"b":{},"_coverageSchema":"1a1c01bbd47fc00a2c39e90264f33305004495a9","hash":"91f3d6999efba499aad595ad634e4f85089332fe"}
,"/Users/dicksenveloopillay/Desktop/Centennial modules/Semester 1/MAPD-712 web tech mobile platforms/Assignments/milestone 4/MAPD712-F2022-Group2-M4-final/MAPD712-F2022-Group2-M2/components/FilterButton.js": {"path":"/Users/dicksenveloopillay/Desktop/Centennial modules/Semester 1/MAPD-712 web tech mobile platforms/Assignments/milestone 4/MAPD712-F2022-Group2-M4-final/MAPD712-F2022-Group2-M2/components/FilterButton.js","statementMap":{"0":{"start":{"line":4,"column":21},"end":{"line":24,"column":1}},"1":{"start":{"line":5,"column":2},"end":{"line":23,"column":4}},"2":{"start":{"line":26,"column":15},"end":{"line":41,"column":2}}},"fnMap":{"0":{"name":"(anonymous_0)","decl":{"start":{"line":4,"column":21},"end":{"line":4,"column":22}},"loc":{"start":{"line":4,"column":67},"end":{"line":24,"column":1}},"line":4}},"branchMap":{"0":{"loc":{"start":{"line":10,"column":27},"end":{"line":10,"column":72}},"type":"cond-expr","locations":[{"start":{"line":10,"column":53},"end":{"line":10,"column":62}},{"start":{"line":10,"column":65},"end":{"line":10,"column":72}}],"line":10},"1":{"loc":{"start":{"line":16,"column":19},"end":{"line":16,"column":64}},"type":"cond-expr","locations":[{"start":{"line":16,"column":45},"end":{"line":16,"column":52}},{"start":{"line":16,"column":55},"end":{"line":16,"column":64}}],"line":16}},"s":{"0":1,"1":1,"2":1},"f":{"0":1},"b":{"0":[1,0],"1":[1,0]},"_coverageSchema":"1a1c01bbd47fc00a2c39e90264f33305004495a9","hash":"5400088f7fd05285602faf963cdaa6b210b79a4d"}
,"/Users/dicksenveloopillay/Desktop/Centennial modules/Semester 1/MAPD-712 web tech mobile platforms/Assignments/milestone 4/MAPD712-F2022-Group2-M4-final/MAPD712-F2022-Group2-M2/components/LoadingOverlay.js": {"path":"/Users/dicksenveloopillay/Desktop/Centennial modules/Semester 1/MAPD-712 web tech mobile platforms/Assignments/milestone 4/MAPD712-F2022-Group2-M4-final/MAPD712-F2022-Group2-M2/components/LoadingOverlay.js","statementMap":{"0":{"start":{"line":4,"column":23},"end":{"line":10,"column":1}},"1":{"start":{"line":5,"column":2},"end":{"line":9,"column":4}},"2":{"start":{"line":12,"column":15},"end":{"line":25,"column":2}}},"fnMap":{"0":{"name":"(anonymous_0)","decl":{"start":{"line":4,"column":23},"end":{"line":4,"column":24}},"loc":{"start":{"line":4,"column":29},"end":{"line":10,"column":1}},"line":4}},"branchMap":{},"s":{"0":1,"1":1,"2":1},"f":{"0":1},"b":{},"_coverageSchema":"1a1c01bbd47fc00a2c39e90264f33305004495a9","hash":"8cc5e1b11b845ffc28ba3511e65e11d86bc1d032"}
,"/Users/dicksenveloopillay/Desktop/Centennial modules/Semester 1/MAPD-712 web tech mobile platforms/Assignments/milestone 4/MAPD712-F2022-Group2-M4-final/MAPD712-F2022-Group2-M2/components/ModalCard.js": {"path":"/Users/dicksenveloopillay/Desktop/Centennial modules/Semester 1/MAPD-712 web tech mobile platforms/Assignments/milestone 4/MAPD712-F2022-Group2-M4-final/MAPD712-F2022-Group2-M2/components/ModalCard.js","statementMap":{"0":{"start":{"line":7,"column":18},"end":{"line":24,"column":1}},"1":{"start":{"line":8,"column":2},"end":{"line":23,"column":4}},"2":{"start":{"line":26,"column":15},"end":{"line":76,"column":2}}},"fnMap":{"0":{"name":"(anonymous_0)","decl":{"start":{"line":7,"column":18},"end":{"line":7,"column":19}},"loc":{"start":{"line":7,"column":52},"end":{"line":24,"column":1}},"line":7}},"branchMap":{},"s":{"0":1,"1":1,"2":1},"f":{"0":1},"b":{},"_coverageSchema":"1a1c01bbd47fc00a2c39e90264f33305004495a9","hash":"0728c8182e2b84e6bd5f8f159278b12a455bc97f"}
,"/Users/dicksenveloopillay/Desktop/Centennial modules/Semester 1/MAPD-712 web tech mobile platforms/Assignments/milestone 4/MAPD712-F2022-Group2-M4-final/MAPD712-F2022-Group2-M2/components/NoClincalTests.js": {"path":"/Users/dicksenveloopillay/Desktop/Centennial modules/Semester 1/MAPD-712 web tech mobile platforms/Assignments/milestone 4/MAPD712-F2022-Group2-M4-final/MAPD712-F2022-Group2-M2/components/NoClincalTests.js","statementMap":{"0":{"start":{"line":5,"column":24},"end":{"line":11,"column":1}},"1":{"start":{"line":6,"column":2},"end":{"line":10,"column":4}},"2":{"start":{"line":13,"column":15},"end":{"line":23,"column":2}}},"fnMap":{"0":{"name":"(anonymous_0)","decl":{"start":{"line":5,"column":24},"end":{"line":5,"column":25}},"loc":{"start":{"line":5,"column":30},"end":{"line":11,"column":1}},"line":5}},"branchMap":{},"s":{"0":1,"1":1,"2":1},"f":{"0":1},"b":{},"_coverageSchema":"1a1c01bbd47fc00a2c39e90264f33305004495a9","hash":"190dd28848a896a545a5753f08c345416a4af2e5"}
,"/Users/dicksenveloopillay/Desktop/Centennial modules/Semester 1/MAPD-712 web tech mobile platforms/Assignments/milestone 4/MAPD712-F2022-Group2-M4-final/MAPD712-F2022-Group2-M2/components/NoClinicalRecords.js": {"path":"/Users/dicksenveloopillay/Desktop/Centennial modules/Semester 1/MAPD-712 web tech mobile platforms/Assignments/milestone 4/MAPD712-F2022-Group2-M4-final/MAPD712-F2022-Group2-M2/components/NoClinicalRecords.js","statementMap":{"0":{"start":{"line":6,"column":26},"end":{"line":15,"column":1}},"1":{"start":{"line":7,"column":2},"end":{"line":14,"column":4}},"2":{"start":{"line":17,"column":15},"end":{"line":27,"column":2}}},"fnMap":{"0":{"name":"(anonymous_0)","decl":{"start":{"line":6,"column":26},"end":{"line":6,"column":27}},"loc":{"start":{"line":6,"column":43},"end":{"line":15,"column":1}},"line":6}},"branchMap":{},"s":{"0":1,"1":1,"2":1},"f":{"0":1},"b":{},"_coverageSchema":"1a1c01bbd47fc00a2c39e90264f33305004495a9","hash":"946f255527fe896d8e3b77767c2e6de93024a483"}
,"/Users/dicksenveloopillay/Desktop/Centennial modules/Semester 1/MAPD-712 web tech mobile platforms/Assignments/milestone 4/MAPD712-F2022-Group2-M4-final/MAPD712-F2022-Group2-M2/components/NoPatients.js": {"path":"/Users/dicksenveloopillay/Desktop/Centennial modules/Semester 1/MAPD-712 web tech mobile platforms/Assignments/milestone 4/MAPD712-F2022-Group2-M4-final/MAPD712-F2022-Group2-M2/components/NoPatients.js","statementMap":{"0":{"start":{"line":6,"column":19},"end":{"line":15,"column":1}},"1":{"start":{"line":7,"column":2},"end":{"line":14,"column":4}},"2":{"start":{"line":17,"column":15},"end":{"line":27,"column":2}}},"fnMap":{"0":{"name":"(anonymous_0)","decl":{"start":{"line":6,"column":19},"end":{"line":6,"column":20}},"loc":{"start":{"line":6,"column":36},"end":{"line":15,"column":1}},"line":6}},"branchMap":{},"s":{"0":1,"1":1,"2":1},"f":{"0":1},"b":{},"_coverageSchema":"1a1c01bbd47fc00a2c39e90264f33305004495a9","hash":"40b59f648b5967b260bfcac603602c79ba9aaf88"}
,"/Users/dicksenveloopillay/Desktop/Centennial modules/Semester 1/MAPD-712 web tech mobile platforms/Assignments/milestone 4/MAPD712-F2022-Group2-M4-final/MAPD712-F2022-Group2-M2/components/PatientCard.js": {"path":"/Users/dicksenveloopillay/Desktop/Centennial modules/Semester 1/MAPD-712 web tech mobile platforms/Assignments/milestone 4/MAPD712-F2022-Group2-M4-final/MAPD712-F2022-Group2-M2/components/PatientCard.js","statementMap":{"0":{"start":{"line":7,"column":20},"end":{"line":47,"column":1}},"1":{"start":{"line":16,"column":16},"end":{"line":16,"column":26}},"2":{"start":{"line":17,"column":20},"end":{"line":17,"column":40}},"3":{"start":{"line":18,"column":14},"end":{"line":18,"column":59}},"4":{"start":{"line":19,"column":12},"end":{"line":19,"column":51}},"5":{"start":{"line":20,"column":4},"end":{"line":22,"column":5}},"6":{"start":{"line":21,"column":6},"end":{"line":21,"column":12}},"7":{"start":{"line":23,"column":4},"end":{"line":23,"column":15}},"8":{"start":{"line":25,"column":2},"end":{"line":46,"column":4}},"9":{"start":{"line":49,"column":15},"end":{"line":99,"column":2}}},"fnMap":{"0":{"name":"(anonymous_0)","decl":{"start":{"line":7,"column":20},"end":{"line":7,"column":21}},"loc":{"start":{"line":14,"column":6},"end":{"line":47,"column":1}},"line":14},"1":{"name":"getAge","decl":{"start":{"line":15,"column":11},"end":{"line":15,"column":17}},"loc":{"start":{"line":15,"column":30},"end":{"line":24,"column":3}},"line":15}},"branchMap":{"0":{"loc":{"start":{"line":20,"column":4},"end":{"line":22,"column":5}},"type":"if","locations":[{"start":{"line":20,"column":4},"end":{"line":22,"column":5}},{"start":{},"end":{}}],"line":20},"1":{"loc":{"start":{"line":20,"column":8},"end":{"line":20,"column":67}},"type":"binary-expr","locations":[{"start":{"line":20,"column":8},"end":{"line":20,"column":13}},{"start":{"line":20,"column":18},"end":{"line":20,"column":25}},{"start":{"line":20,"column":29},"end":{"line":20,"column":66}}],"line":20},"2":{"loc":{"start":{"line":37,"column":13},"end":{"line":37,"column":44}},"type":"cond-expr","locations":[{"start":{"line":37,"column":27},"end":{"line":37,"column":33}},{"start":{"line":37,"column":36},"end":{"line":37,"column":44}}],"line":37}},"s":{"0":1,"1":1,"2":1,"3":1,"4":1,"5":1,"6":0,"7":1,"8":1,"9":1},"f":{"0":1,"1":1},"b":{"0":[0,1],"1":[1,1,0],"2":[0,1]},"_coverageSchema":"1a1c01bbd47fc00a2c39e90264f33305004495a9","hash":"2a3ba540aa16e9c696adf095a1cb0fabc85becc6"}
,"/Users/dicksenveloopillay/Desktop/Centennial modules/Semester 1/MAPD-712 web tech mobile platforms/Assignments/milestone 4/MAPD712-F2022-Group2-M4-final/MAPD712-F2022-Group2-M2/components/RadioButton.js": {"path":"/Users/dicksenveloopillay/Desktop/Centennial modules/Semester 1/MAPD-712 web tech mobile platforms/Assignments/milestone 4/MAPD712-F2022-Group2-M4-final/MAPD712-F2022-Group2-M2/components/RadioButton.js","statementMap":{"0":{"start":{"line":4,"column":20},"end":{"line":10,"column":1}},"1":{"start":{"line":5,"column":2},"end":{"line":9,"column":4}},"2":{"start":{"line":12,"column":15},"end":{"line":40,"column":2}}},"fnMap":{"0":{"name":"(anonymous_0)","decl":{"start":{"line":4,"column":20},"end":{"line":4,"column":21}},"loc":{"start":{"line":4,"column":31},"end":{"line":10,"column":1}},"line":4}},"branchMap":{"0":{"loc":{"start":{"line":7,"column":7},"end":{"line":7,"column":71}},"type":"cond-expr","locations":[{"start":{"line":7,"column":23},"end":{"line":7,"column":60}},{"start":{"line":7,"column":63},"end":{"line":7,"column":71}}],"line":7}},"s":{"0":1,"1":1,"2":1},"f":{"0":1},"b":{"0":[0,1]},"_coverageSchema":"1a1c01bbd47fc00a2c39e90264f33305004495a9","hash":"e676fb633de3b1344348cde1a16d8a95579dd534"}
,"/Users/dicksenveloopillay/Desktop/Centennial modules/Semester 1/MAPD-712 web tech mobile platforms/Assignments/milestone 4/MAPD712-F2022-Group2-M4-final/MAPD712-F2022-Group2-M2/validations/AddBloodOxygenLevelSchema.js": {"path":"/Users/dicksenveloopillay/Desktop/Centennial modules/Semester 1/MAPD-712 web tech mobile platforms/Assignments/milestone 4/MAPD712-F2022-Group2-M4-final/MAPD712-F2022-Group2-M2/validations/AddBloodOxygenLevelSchema.js","statementMap":{"0":{"start":{"line":3,"column":34},"end":{"line":6,"column":2}}},"fnMap":{},"branchMap":{},"s":{"0":0},"f":{},"b":{}}
,"/Users/dicksenveloopillay/Desktop/Centennial modules/Semester 1/MAPD-712 web tech mobile platforms/Assignments/milestone 4/MAPD712-F2022-Group2-M4-final/MAPD712-F2022-Group2-M2/validations/AddBloodPressureSchema.js": {"path":"/Users/dicksenveloopillay/Desktop/Centennial modules/Semester 1/MAPD-712 web tech mobile platforms/Assignments/milestone 4/MAPD712-F2022-Group2-M4-final/MAPD712-F2022-Group2-M2/validations/AddBloodPressureSchema.js","statementMap":{"0":{"start":{"line":3,"column":31},"end":{"line":7,"column":2}}},"fnMap":{},"branchMap":{},"s":{"0":0},"f":{},"b":{}}
,"/Users/dicksenveloopillay/Desktop/Centennial modules/Semester 1/MAPD-712 web tech mobile platforms/Assignments/milestone 4/MAPD712-F2022-Group2-M4-final/MAPD712-F2022-Group2-M2/validations/AddHeartBeatRateSchema.js": {"path":"/Users/dicksenveloopillay/Desktop/Centennial modules/Semester 1/MAPD-712 web tech mobile platforms/Assignments/milestone 4/MAPD712-F2022-Group2-M4-final/MAPD712-F2022-Group2-M2/validations/AddHeartBeatRateSchema.js","statementMap":{"0":{"start":{"line":3,"column":31},"end":{"line":6,"column":2}}},"fnMap":{},"branchMap":{},"s":{"0":0},"f":{},"b":{}}
,"/Users/dicksenveloopillay/Desktop/Centennial modules/Semester 1/MAPD-712 web tech mobile platforms/Assignments/milestone 4/MAPD712-F2022-Group2-M4-final/MAPD712-F2022-Group2-M2/validations/AddPatientSchema.js": {"path":"/Users/dicksenveloopillay/Desktop/Centennial modules/Semester 1/MAPD-712 web tech mobile platforms/Assignments/milestone 4/MAPD712-F2022-Group2-M4-final/MAPD712-F2022-Group2-M2/validations/AddPatientSchema.js","statementMap":{"0":{"start":{"line":3,"column":25},"end":{"line":12,"column":2}}},"fnMap":{},"branchMap":{},"s":{"0":0},"f":{},"b":{}}
,"/Users/dicksenveloopillay/Desktop/Centennial modules/Semester 1/MAPD-712 web tech mobile platforms/Assignments/milestone 4/MAPD712-F2022-Group2-M4-final/MAPD712-F2022-Group2-M2/validations/AddRespiratoryRateScheme.js": {"path":"/Users/dicksenveloopillay/Desktop/Centennial modules/Semester 1/MAPD-712 web tech mobile platforms/Assignments/milestone 4/MAPD712-F2022-Group2-M4-final/MAPD712-F2022-Group2-M2/validations/AddRespiratoryRateScheme.js","statementMap":{"0":{"start":{"line":3,"column":33},"end":{"line":6,"column":2}}},"fnMap":{},"branchMap":{},"s":{"0":0},"f":{},"b":{}}
,"/Users/dicksenveloopillay/Desktop/Centennial modules/Semester 1/MAPD-712 web tech mobile platforms/Assignments/milestone 4/MAPD712-F2022-Group2-M4-final/MAPD712-F2022-Group2-M2/validations/LoginSchema.js": {"path":"/Users/dicksenveloopillay/Desktop/Centennial modules/Semester 1/MAPD-712 web tech mobile platforms/Assignments/milestone 4/MAPD712-F2022-Group2-M4-final/MAPD712-F2022-Group2-M2/validations/LoginSchema.js","statementMap":{"0":{"start":{"line":3,"column":20},"end":{"line":6,"column":2}}},"fnMap":{},"branchMap":{},"s":{"0":0},"f":{},"b":{}}
,"/Users/dicksenveloopillay/Desktop/Centennial modules/Semester 1/MAPD-712 web tech mobile platforms/Assignments/milestone 4/MAPD712-F2022-Group2-M4-final/MAPD712-F2022-Group2-M2/views/AddBloodOxygenLevelView.js": {"path":"/Users/dicksenveloopillay/Desktop/Centennial modules/Semester 1/MAPD-712 web tech mobile platforms/Assignments/milestone 4/MAPD712-F2022-Group2-M4-final/MAPD712-F2022-Group2-M2/views/AddBloodOxygenLevelView.js","statementMap":{"0":{"start":{"line":26,"column":32},"end":{"line":176,"column":1}},"1":{"start":{"line":27,"column":26},"end":{"line":27,"column":46}},"2":{"start":{"line":29,"column":57},"end":{"line":29,"column":78}},"3":{"start":{"line":31,"column":36},"end":{"line":31,"column":57}},"4":{"start":{"line":33,"column":25},"end":{"line":35,"column":3}},"5":{"start":{"line":34,"column":4},"end":{"line":34,"column":34}},"6":{"start":{"line":37,"column":25},"end":{"line":39,"column":3}},"7":{"start":{"line":38,"column":4},"end":{"line":38,"column":35}},"8":{"start":{"line":41,"column":24},"end":{"line":47,"column":3}},"9":{"start":{"line":42,"column":23},"end":{"line":42,"column":56}},"10":{"start":{"line":44,"column":4},"end":{"line":44,"column":24}},"11":{"start":{"line":46,"column":4},"end":{"line":46,"column":21}},"12":{"start":{"line":48,"column":2},"end":{"line":175,"column":4}},"13":{"start":{"line":58,"column":12},"end":{"line":58,"column":34}},"14":{"start":{"line":59,"column":12},"end":{"line":98,"column":13}},"15":{"start":{"line":60,"column":14},"end":{"line":60,"column":40}},"16":{"start":{"line":62,"column":14},"end":{"line":62,"column":33}},"17":{"start":{"line":64,"column":14},"end":{"line":97,"column":19}},"18":{"start":{"line":83,"column":18},"end":{"line":87,"column":19}},"19":{"start":{"line":84,"column":20},"end":{"line":84,"column":43}},"20":{"start":{"line":86,"column":20},"end":{"line":86,"column":60}},"21":{"start":{"line":90,"column":18},"end":{"line":90,"column":38}},"22":{"start":{"line":91,"column":18},"end":{"line":93,"column":21}},"23":{"start":{"line":92,"column":49},"end":{"line":92,"column":68}},"24":{"start":{"line":96,"column":18},"end":{"line":96,"column":35}},"25":{"start":{"line":109,"column":12},"end":{"line":168,"column":19}},"26":{"start":{"line":178,"column":15},"end":{"line":205,"column":2}}},"fnMap":{"0":{"name":"(anonymous_0)","decl":{"start":{"line":26,"column":32},"end":{"line":26,"column":33}},"loc":{"start":{"line":26,"column":59},"end":{"line":176,"column":1}},"line":26},"1":{"name":"(anonymous_1)","decl":{"start":{"line":33,"column":25},"end":{"line":33,"column":26}},"loc":{"start":{"line":33,"column":31},"end":{"line":35,"column":3}},"line":33},"2":{"name":"(anonymous_2)","decl":{"start":{"line":37,"column":25},"end":{"line":37,"column":26}},"loc":{"start":{"line":37,"column":31},"end":{"line":39,"column":3}},"line":37},"3":{"name":"(anonymous_3)","decl":{"start":{"line":41,"column":24},"end":{"line":41,"column":25}},"loc":{"start":{"line":41,"column":34},"end":{"line":47,"column":3}},"line":41},"4":{"name":"(anonymous_4)","decl":{"start":{"line":57,"column":20},"end":{"line":57,"column":21}},"loc":{"start":{"line":57,"column":32},"end":{"line":99,"column":11}},"line":57},"5":{"name":"(anonymous_5)","decl":{"start":{"line":82,"column":22},"end":{"line":82,"column":23}},"loc":{"start":{"line":82,"column":36},"end":{"line":88,"column":17}},"line":82},"6":{"name":"(anonymous_6)","decl":{"start":{"line":89,"column":22},"end":{"line":89,"column":23}},"loc":{"start":{"line":89,"column":34},"end":{"line":94,"column":17}},"line":89},"7":{"name":"(anonymous_7)","decl":{"start":{"line":92,"column":43},"end":{"line":92,"column":44}},"loc":{"start":{"line":92,"column":49},"end":{"line":92,"column":68}},"line":92},"8":{"name":"(anonymous_8)","decl":{"start":{"line":95,"column":23},"end":{"line":95,"column":24}},"loc":{"start":{"line":95,"column":32},"end":{"line":97,"column":17}},"line":95},"9":{"name":"(anonymous_9)","decl":{"start":{"line":101,"column":11},"end":{"line":101,"column":12}},"loc":{"start":{"line":109,"column":12},"end":{"line":168,"column":19}},"line":109}},"branchMap":{"0":{"loc":{"start":{"line":59,"column":12},"end":{"line":98,"column":13}},"type":"if","locations":[{"start":{"line":59,"column":12},"end":{"line":98,"column":13}},{"start":{"line":61,"column":19},"end":{"line":98,"column":13}}],"line":59},"1":{"loc":{"start":{"line":83,"column":18},"end":{"line":87,"column":19}},"type":"if","locations":[{"start":{"line":83,"column":18},"end":{"line":87,"column":19}},{"start":{"line":85,"column":25},"end":{"line":87,"column":19}}],"line":83},"2":{"loc":{"start":{"line":113,"column":23},"end":{"line":113,"column":59}},"type":"cond-expr","locations":[{"start":{"line":113,"column":39},"end":{"line":113,"column":52}},{"start":{"line":113,"column":55},"end":{"line":113,"column":59}}],"line":113},"3":{"loc":{"start":{"line":131,"column":15},"end":{"line":135,"column":15}},"type":"binary-expr","locations":[{"start":{"line":131,"column":15},"end":{"line":131,"column":26}},{"start":{"line":132,"column":16},"end":{"line":134,"column":23}}],"line":131},"4":{"loc":{"start":{"line":161,"column":15},"end":{"line":165,"column":15}},"type":"binary-expr","locations":[{"start":{"line":161,"column":15},"end":{"line":161,"column":26}},{"start":{"line":162,"column":16},"end":{"line":164,"column":23}}],"line":161},"5":{"loc":{"start":{"line":173,"column":7},"end":{"line":173,"column":38}},"type":"binary-expr","locations":[{"start":{"line":173,"column":7},"end":{"line":173,"column":16}},{"start":{"line":173,"column":20},"end":{"line":173,"column":38}}],"line":173}},"s":{"0":0,"1":0,"2":0,"3":0,"4":0,"5":0,"6":0,"7":0,"8":0,"9":0,"10":0,"11":0,"12":0,"13":0,"14":0,"15":0,"16":0,"17":0,"18":0,"19":0,"20":0,"21":0,"22":0,"23":0,"24":0,"25":0,"26":0},"f":{"0":0,"1":0,"2":0,"3":0,"4":0,"5":0,"6":0,"7":0,"8":0,"9":0},"b":{"0":[0,0],"1":[0,0],"2":[0,0],"3":[0,0],"4":[0,0],"5":[0,0]}}
,"/Users/dicksenveloopillay/Desktop/Centennial modules/Semester 1/MAPD-712 web tech mobile platforms/Assignments/milestone 4/MAPD712-F2022-Group2-M4-final/MAPD712-F2022-Group2-M2/views/AddBloodPressureView.js": {"path":"/Users/dicksenveloopillay/Desktop/Centennial modules/Semester 1/MAPD-712 web tech mobile platforms/Assignments/milestone 4/MAPD712-F2022-Group2-M4-final/MAPD712-F2022-Group2-M2/views/AddBloodPressureView.js","statementMap":{"0":{"start":{"line":25,"column":29},"end":{"line":194,"column":1}},"1":{"start":{"line":26,"column":26},"end":{"line":26,"column":46}},"2":{"start":{"line":27,"column":26},"end":{"line":27,"column":46}},"3":{"start":{"line":29,"column":57},"end":{"line":29,"column":78}},"4":{"start":{"line":31,"column":36},"end":{"line":31,"column":57}},"5":{"start":{"line":33,"column":25},"end":{"line":35,"column":3}},"6":{"start":{"line":34,"column":4},"end":{"line":34,"column":34}},"7":{"start":{"line":37,"column":25},"end":{"line":39,"column":3}},"8":{"start":{"line":38,"column":4},"end":{"line":38,"column":35}},"9":{"start":{"line":41,"column":24},"end":{"line":47,"column":3}},"10":{"start":{"line":42,"column":23},"end":{"line":42,"column":56}},"11":{"start":{"line":44,"column":4},"end":{"line":44,"column":24}},"12":{"start":{"line":46,"column":4},"end":{"line":46,"column":21}},"13":{"start":{"line":48,"column":2},"end":{"line":193,"column":4}},"14":{"start":{"line":59,"column":12},"end":{"line":97,"column":13}},"15":{"start":{"line":60,"column":14},"end":{"line":60,"column":40}},"16":{"start":{"line":62,"column":14},"end":{"line":62,"column":33}},"17":{"start":{"line":63,"column":14},"end":{"line":63,"column":34}},"18":{"start":{"line":65,"column":14},"end":{"line":96,"column":19}},"19":{"start":{"line":85,"column":18},"end":{"line":89,"column":19}},"20":{"start":{"line":86,"column":20},"end":{"line":86,"column":43}},"21":{"start":{"line":88,"column":20},"end":{"line":88,"column":60}},"22":{"start":{"line":92,"column":18},"end":{"line":92,"column":38}},"23":{"start":{"line":93,"column":18},"end":{"line":95,"column":21}},"24":{"start":{"line":94,"column":49},"end":{"line":94,"column":68}},"25":{"start":{"line":108,"column":12},"end":{"line":186,"column":19}},"26":{"start":{"line":196,"column":15},"end":{"line":223,"column":2}}},"fnMap":{"0":{"name":"(anonymous_0)","decl":{"start":{"line":25,"column":29},"end":{"line":25,"column":30}},"loc":{"start":{"line":25,"column":56},"end":{"line":194,"column":1}},"line":25},"1":{"name":"(anonymous_1)","decl":{"start":{"line":33,"column":25},"end":{"line":33,"column":26}},"loc":{"start":{"line":33,"column":31},"end":{"line":35,"column":3}},"line":33},"2":{"name":"(anonymous_2)","decl":{"start":{"line":37,"column":25},"end":{"line":37,"column":26}},"loc":{"start":{"line":37,"column":31},"end":{"line":39,"column":3}},"line":37},"3":{"name":"(anonymous_3)","decl":{"start":{"line":41,"column":24},"end":{"line":41,"column":25}},"loc":{"start":{"line":41,"column":34},"end":{"line":47,"column":3}},"line":41},"4":{"name":"(anonymous_4)","decl":{"start":{"line":58,"column":20},"end":{"line":58,"column":21}},"loc":{"start":{"line":58,"column":32},"end":{"line":98,"column":11}},"line":58},"5":{"name":"(anonymous_5)","decl":{"start":{"line":84,"column":22},"end":{"line":84,"column":23}},"loc":{"start":{"line":84,"column":36},"end":{"line":90,"column":17}},"line":84},"6":{"name":"(anonymous_6)","decl":{"start":{"line":91,"column":22},"end":{"line":91,"column":23}},"loc":{"start":{"line":91,"column":34},"end":{"line":96,"column":17}},"line":91},"7":{"name":"(anonymous_7)","decl":{"start":{"line":94,"column":43},"end":{"line":94,"column":44}},"loc":{"start":{"line":94,"column":49},"end":{"line":94,"column":68}},"line":94},"8":{"name":"(anonymous_8)","decl":{"start":{"line":100,"column":11},"end":{"line":100,"column":12}},"loc":{"start":{"line":108,"column":12},"end":{"line":186,"column":19}},"line":108}},"branchMap":{"0":{"loc":{"start":{"line":59,"column":12},"end":{"line":97,"column":13}},"type":"if","locations":[{"start":{"line":59,"column":12},"end":{"line":97,"column":13}},{"start":{"line":61,"column":19},"end":{"line":97,"column":13}}],"line":59},"1":{"loc":{"start":{"line":85,"column":18},"end":{"line":89,"column":19}},"type":"if","locations":[{"start":{"line":85,"column":18},"end":{"line":89,"column":19}},{"start":{"line":87,"column":25},"end":{"line":89,"column":19}}],"line":85},"2":{"loc":{"start":{"line":112,"column":23},"end":{"line":112,"column":59}},"type":"cond-expr","locations":[{"start":{"line":112,"column":39},"end":{"line":112,"column":52}},{"start":{"line":112,"column":55},"end":{"line":112,"column":59}}],"line":112},"3":{"loc":{"start":{"line":130,"column":15},"end":{"line":134,"column":15}},"type":"binary-expr","locations":[{"start":{"line":130,"column":15},"end":{"line":130,"column":26}},{"start":{"line":131,"column":16},"end":{"line":133,"column":23}}],"line":130},"4":{"loc":{"start":{"line":174,"column":15},"end":{"line":178,"column":15}},"type":"binary-expr","locations":[{"start":{"line":174,"column":15},"end":{"line":174,"column":30}},{"start":{"line":175,"column":16},"end":{"line":177,"column":23}}],"line":174},"5":{"loc":{"start":{"line":179,"column":15},"end":{"line":183,"column":15}},"type":"binary-expr","locations":[{"start":{"line":179,"column":15},"end":{"line":179,"column":31}},{"start":{"line":180,"column":16},"end":{"line":182,"column":23}}],"line":179},"6":{"loc":{"start":{"line":191,"column":7},"end":{"line":191,"column":38}},"type":"binary-expr","locations":[{"start":{"line":191,"column":7},"end":{"line":191,"column":16}},{"start":{"line":191,"column":20},"end":{"line":191,"column":38}}],"line":191}},"s":{"0":0,"1":0,"2":0,"3":0,"4":0,"5":0,"6":0,"7":0,"8":0,"9":0,"10":0,"11":0,"12":0,"13":0,"14":0,"15":0,"16":0,"17":0,"18":0,"19":0,"20":0,"21":0,"22":0,"23":0,"24":0,"25":0,"26":0},"f":{"0":0,"1":0,"2":0,"3":0,"4":0,"5":0,"6":0,"7":0,"8":0},"b":{"0":[0,0],"1":[0,0],"2":[0,0],"3":[0,0],"4":[0,0],"5":[0,0],"6":[0,0]}}
,"/Users/dicksenveloopillay/Desktop/Centennial modules/Semester 1/MAPD-712 web tech mobile platforms/Assignments/milestone 4/MAPD712-F2022-Group2-M4-final/MAPD712-F2022-Group2-M2/views/AddHeartBeatRateView.js": {"path":"/Users/dicksenveloopillay/Desktop/Centennial modules/Semester 1/MAPD-712 web tech mobile platforms/Assignments/milestone 4/MAPD712-F2022-Group2-M4-final/MAPD712-F2022-Group2-M2/views/AddHeartBeatRateView.js","statementMap":{"0":{"start":{"line":25,"column":29},"end":{"line":171,"column":1}},"1":{"start":{"line":26,"column":26},"end":{"line":26,"column":46}},"2":{"start":{"line":28,"column":57},"end":{"line":28,"column":78}},"3":{"start":{"line":30,"column":36},"end":{"line":30,"column":57}},"4":{"start":{"line":32,"column":25},"end":{"line":34,"column":3}},"5":{"start":{"line":33,"column":4},"end":{"line":33,"column":34}},"6":{"start":{"line":36,"column":25},"end":{"line":38,"column":3}},"7":{"start":{"line":37,"column":4},"end":{"line":37,"column":35}},"8":{"start":{"line":40,"column":24},"end":{"line":46,"column":3}},"9":{"start":{"line":41,"column":23},"end":{"line":41,"column":56}},"10":{"start":{"line":43,"column":4},"end":{"line":43,"column":24}},"11":{"start":{"line":45,"column":4},"end":{"line":45,"column":21}},"12":{"start":{"line":47,"column":2},"end":{"line":170,"column":4}},"13":{"start":{"line":57,"column":12},"end":{"line":57,"column":34}},"14":{"start":{"line":58,"column":12},"end":{"line":94,"column":13}},"15":{"start":{"line":59,"column":14},"end":{"line":59,"column":40}},"16":{"start":{"line":61,"column":14},"end":{"line":61,"column":33}},"17":{"start":{"line":63,"column":14},"end":{"line":93,"column":19}},"18":{"start":{"line":82,"column":18},"end":{"line":86,"column":19}},"19":{"start":{"line":83,"column":20},"end":{"line":83,"column":43}},"20":{"start":{"line":85,"column":20},"end":{"line":85,"column":60}},"21":{"start":{"line":89,"column":18},"end":{"line":89,"column":38}},"22":{"start":{"line":90,"column":18},"end":{"line":92,"column":21}},"23":{"start":{"line":91,"column":49},"end":{"line":91,"column":68}},"24":{"start":{"line":105,"column":12},"end":{"line":163,"column":19}},"25":{"start":{"line":173,"column":15},"end":{"line":200,"column":2}}},"fnMap":{"0":{"name":"(anonymous_0)","decl":{"start":{"line":25,"column":29},"end":{"line":25,"column":30}},"loc":{"start":{"line":25,"column":56},"end":{"line":171,"column":1}},"line":25},"1":{"name":"(anonymous_1)","decl":{"start":{"line":32,"column":25},"end":{"line":32,"column":26}},"loc":{"start":{"line":32,"column":31},"end":{"line":34,"column":3}},"line":32},"2":{"name":"(anonymous_2)","decl":{"start":{"line":36,"column":25},"end":{"line":36,"column":26}},"loc":{"start":{"line":36,"column":31},"end":{"line":38,"column":3}},"line":36},"3":{"name":"(anonymous_3)","decl":{"start":{"line":40,"column":24},"end":{"line":40,"column":25}},"loc":{"start":{"line":40,"column":34},"end":{"line":46,"column":3}},"line":40},"4":{"name":"(anonymous_4)","decl":{"start":{"line":56,"column":20},"end":{"line":56,"column":21}},"loc":{"start":{"line":56,"column":32},"end":{"line":95,"column":11}},"line":56},"5":{"name":"(anonymous_5)","decl":{"start":{"line":81,"column":22},"end":{"line":81,"column":23}},"loc":{"start":{"line":81,"column":36},"end":{"line":87,"column":17}},"line":81},"6":{"name":"(anonymous_6)","decl":{"start":{"line":88,"column":22},"end":{"line":88,"column":23}},"loc":{"start":{"line":88,"column":34},"end":{"line":93,"column":17}},"line":88},"7":{"name":"(anonymous_7)","decl":{"start":{"line":91,"column":43},"end":{"line":91,"column":44}},"loc":{"start":{"line":91,"column":49},"end":{"line":91,"column":68}},"line":91},"8":{"name":"(anonymous_8)","decl":{"start":{"line":97,"column":11},"end":{"line":97,"column":12}},"loc":{"start":{"line":105,"column":12},"end":{"line":163,"column":19}},"line":105}},"branchMap":{"0":{"loc":{"start":{"line":58,"column":12},"end":{"line":94,"column":13}},"type":"if","locations":[{"start":{"line":58,"column":12},"end":{"line":94,"column":13}},{"start":{"line":60,"column":19},"end":{"line":94,"column":13}}],"line":58},"1":{"loc":{"start":{"line":82,"column":18},"end":{"line":86,"column":19}},"type":"if","locations":[{"start":{"line":82,"column":18},"end":{"line":86,"column":19}},{"start":{"line":84,"column":25},"end":{"line":86,"column":19}}],"line":82},"2":{"loc":{"start":{"line":109,"column":23},"end":{"line":109,"column":59}},"type":"cond-expr","locations":[{"start":{"line":109,"column":39},"end":{"line":109,"column":52}},{"start":{"line":109,"column":55},"end":{"line":109,"column":59}}],"line":109},"3":{"loc":{"start":{"line":127,"column":15},"end":{"line":131,"column":15}},"type":"binary-expr","locations":[{"start":{"line":127,"column":15},"end":{"line":127,"column":26}},{"start":{"line":128,"column":16},"end":{"line":130,"column":23}}],"line":127},"4":{"loc":{"start":{"line":156,"column":15},"end":{"line":160,"column":15}},"type":"binary-expr","locations":[{"start":{"line":156,"column":15},"end":{"line":156,"column":26}},{"start":{"line":157,"column":16},"end":{"line":159,"column":23}}],"line":156},"5":{"loc":{"start":{"line":168,"column":7},"end":{"line":168,"column":38}},"type":"binary-expr","locations":[{"start":{"line":168,"column":7},"end":{"line":168,"column":16}},{"start":{"line":168,"column":20},"end":{"line":168,"column":38}}],"line":168}},"s":{"0":0,"1":0,"2":0,"3":0,"4":0,"5":0,"6":0,"7":0,"8":0,"9":0,"10":0,"11":0,"12":0,"13":0,"14":0,"15":0,"16":0,"17":0,"18":0,"19":0,"20":0,"21":0,"22":0,"23":0,"24":0,"25":0},"f":{"0":0,"1":0,"2":0,"3":0,"4":0,"5":0,"6":0,"7":0,"8":0},"b":{"0":[0,0],"1":[0,0],"2":[0,0],"3":[0,0],"4":[0,0],"5":[0,0]}}
,"/Users/dicksenveloopillay/Desktop/Centennial modules/Semester 1/MAPD-712 web tech mobile platforms/Assignments/milestone 4/MAPD712-F2022-Group2-M4-final/MAPD712-F2022-Group2-M2/views/AddPatientView.js": {"path":"/Users/dicksenveloopillay/Desktop/Centennial modules/Semester 1/MAPD-712 web tech mobile platforms/Assignments/milestone 4/MAPD712-F2022-Group2-M4-final/MAPD712-F2022-Group2-M2/views/AddPatientView.js","statementMap":{"0":{"start":{"line":25,"column":23},"end":{"line":226,"column":1}},"1":{"start":{"line":26,"column":36},"end":{"line":26,"column":56}},"2":{"start":{"line":27,"column":34},"end":{"line":27,"column":54}},"3":{"start":{"line":28,"column":28},"end":{"line":28,"column":48}},"4":{"start":{"line":29,"column":30},"end":{"line":29,"column":50}},"5":{"start":{"line":30,"column":32},"end":{"line":30,"column":52}},"6":{"start":{"line":31,"column":24},"end":{"line":31,"column":43}},"7":{"start":{"line":32,"column":24},"end":{"line":32,"column":44}},"8":{"start":{"line":34,"column":57},"end":{"line":34,"column":78}},"9":{"start":{"line":36,"column":36},"end":{"line":36,"column":57}},"10":{"start":{"line":38,"column":25},"end":{"line":40,"column":3}},"11":{"start":{"line":39,"column":4},"end":{"line":39,"column":34}},"12":{"start":{"line":42,"column":25},"end":{"line":44,"column":3}},"13":{"start":{"line":43,"column":4},"end":{"line":43,"column":35}},"14":{"start":{"line":46,"column":24},"end":{"line":52,"column":3}},"15":{"start":{"line":47,"column":23},"end":{"line":47,"column":56}},"16":{"start":{"line":49,"column":4},"end":{"line":49,"column":23}},"17":{"start":{"line":51,"column":4},"end":{"line":51,"column":21}},"18":{"start":{"line":54,"column":2},"end":{"line":225,"column":4}},"19":{"start":{"line":67,"column":12},"end":{"line":104,"column":13}},"20":{"start":{"line":68,"column":14},"end":{"line":68,"column":49}},"21":{"start":{"line":70,"column":14},"end":{"line":70,"column":33}},"22":{"start":{"line":71,"column":14},"end":{"line":71,"column":34}},"23":{"start":{"line":73,"column":14},"end":{"line":103,"column":19}},"24":{"start":{"line":90,"column":18},"end":{"line":94,"column":19}},"25":{"start":{"line":91,"column":20},"end":{"line":91,"column":43}},"26":{"start":{"line":93,"column":20},"end":{"line":93,"column":60}},"27":{"start":{"line":97,"column":18},"end":{"line":97,"column":38}},"28":{"start":{"line":98,"column":18},"end":{"line":102,"column":20}},"29":{"start":{"line":101,"column":50},"end":{"line":101,"column":69}},"30":{"start":{"line":115,"column":12},"end":{"line":218,"column":19}},"31":{"start":{"line":192,"column":35},"end":{"line":192,"column":46}},"32":{"start":{"line":199,"column":35},"end":{"line":199,"column":46}},"33":{"start":{"line":228,"column":15},"end":{"line":255,"column":2}}},"fnMap":{"0":{"name":"(anonymous_0)","decl":{"start":{"line":25,"column":23},"end":{"line":25,"column":24}},"loc":{"start":{"line":25,"column":43},"end":{"line":226,"column":1}},"line":25},"1":{"name":"(anonymous_1)","decl":{"start":{"line":38,"column":25},"end":{"line":38,"column":26}},"loc":{"start":{"line":38,"column":31},"end":{"line":40,"column":3}},"line":38},"2":{"name":"(anonymous_2)","decl":{"start":{"line":42,"column":25},"end":{"line":42,"column":26}},"loc":{"start":{"line":42,"column":31},"end":{"line":44,"column":3}},"line":42},"3":{"name":"(anonymous_3)","decl":{"start":{"line":46,"column":24},"end":{"line":46,"column":25}},"loc":{"start":{"line":46,"column":34},"end":{"line":52,"column":3}},"line":46},"4":{"name":"(anonymous_4)","decl":{"start":{"line":66,"column":20},"end":{"line":66,"column":21}},"loc":{"start":{"line":66,"column":32},"end":{"line":105,"column":11}},"line":66},"5":{"name":"(anonymous_5)","decl":{"start":{"line":89,"column":22},"end":{"line":89,"column":23}},"loc":{"start":{"line":89,"column":36},"end":{"line":95,"column":17}},"line":89},"6":{"name":"(anonymous_6)","decl":{"start":{"line":96,"column":22},"end":{"line":96,"column":23}},"loc":{"start":{"line":96,"column":34},"end":{"line":103,"column":17}},"line":96},"7":{"name":"(anonymous_7)","decl":{"start":{"line":101,"column":44},"end":{"line":101,"column":45}},"loc":{"start":{"line":101,"column":50},"end":{"line":101,"column":69}},"line":101},"8":{"name":"(anonymous_8)","decl":{"start":{"line":107,"column":11},"end":{"line":107,"column":12}},"loc":{"start":{"line":115,"column":12},"end":{"line":218,"column":19}},"line":115},"9":{"name":"(anonymous_9)","decl":{"start":{"line":192,"column":29},"end":{"line":192,"column":30}},"loc":{"start":{"line":192,"column":35},"end":{"line":192,"column":46}},"line":192},"10":{"name":"(anonymous_10)","decl":{"start":{"line":199,"column":29},"end":{"line":199,"column":30}},"loc":{"start":{"line":199,"column":35},"end":{"line":199,"column":46}},"line":199}},"branchMap":{"0":{"loc":{"start":{"line":67,"column":12},"end":{"line":104,"column":13}},"type":"if","locations":[{"start":{"line":67,"column":12},"end":{"line":104,"column":13}},{"start":{"line":69,"column":19},"end":{"line":104,"column":13}}],"line":67},"1":{"loc":{"start":{"line":90,"column":18},"end":{"line":94,"column":19}},"type":"if","locations":[{"start":{"line":90,"column":18},"end":{"line":94,"column":19}},{"start":{"line":92,"column":25},"end":{"line":94,"column":19}}],"line":90},"2":{"loc":{"start":{"line":124,"column":15},"end":{"line":128,"column":15}},"type":"binary-expr","locations":[{"start":{"line":124,"column":15},"end":{"line":124,"column":31}},{"start":{"line":125,"column":16},"end":{"line":127,"column":23}}],"line":124},"3":{"loc":{"start":{"line":136,"column":15},"end":{"line":140,"column":15}},"type":"binary-expr","locations":[{"start":{"line":136,"column":15},"end":{"line":136,"column":30}},{"start":{"line":137,"column":16},"end":{"line":139,"column":23}}],"line":136},"4":{"loc":{"start":{"line":150,"column":15},"end":{"line":154,"column":15}},"type":"binary-expr","locations":[{"start":{"line":150,"column":15},"end":{"line":150,"column":27}},{"start":{"line":151,"column":16},"end":{"line":153,"column":23}}],"line":150},"5":{"loc":{"start":{"line":162,"column":15},"end":{"line":166,"column":15}},"type":"binary-expr","locations":[{"start":{"line":162,"column":15},"end":{"line":162,"column":28}},{"start":{"line":163,"column":16},"end":{"line":165,"column":23}}],"line":162},"6":{"loc":{"start":{"line":174,"column":15},"end":{"line":178,"column":15}},"type":"binary-expr","locations":[{"start":{"line":174,"column":15},"end":{"line":174,"column":29}},{"start":{"line":175,"column":16},"end":{"line":177,"column":23}}],"line":174},"7":{"loc":{"start":{"line":191,"column":29},"end":{"line":191,"column":55}},"type":"cond-expr","locations":[{"start":{"line":191,"column":43},"end":{"line":191,"column":47}},{"start":{"line":191,"column":50},"end":{"line":191,"column":55}}],"line":191},"8":{"loc":{"start":{"line":198,"column":29},"end":{"line":198,"column":55}},"type":"cond-expr","locations":[{"start":{"line":198,"column":43},"end":{"line":198,"column":47}},{"start":{"line":198,"column":50},"end":{"line":198,"column":55}}],"line":198},"9":{"loc":{"start":{"line":208,"column":23},"end":{"line":208,"column":57}},"type":"cond-expr","locations":[{"start":{"line":208,"column":38},"end":{"line":208,"column":51}},{"start":{"line":208,"column":54},"end":{"line":208,"column":57}}],"line":208},"10":{"loc":{"start":{"line":223,"column":7},"end":{"line":223,"column":38}},"type":"binary-expr","locations":[{"start":{"line":223,"column":7},"end":{"line":223,"column":16}},{"start":{"line":223,"column":20},"end":{"line":223,"column":38}}],"line":223}},"s":{"0":0,"1":0,"2":0,"3":0,"4":0,"5":0,"6":0,"7":0,"8":0,"9":0,"10":0,"11":0,"12":0,"13":0,"14":0,"15":0,"16":0,"17":0,"18":0,"19":0,"20":0,"21":0,"22":0,"23":0,"24":0,"25":0,"26":0,"27":0,"28":0,"29":0,"30":0,"31":0,"32":0,"33":0},"f":{"0":0,"1":0,"2":0,"3":0,"4":0,"5":0,"6":0,"7":0,"8":0,"9":0,"10":0},"b":{"0":[0,0],"1":[0,0],"2":[0,0],"3":[0,0],"4":[0,0],"5":[0,0],"6":[0,0],"7":[0,0],"8":[0,0],"9":[0,0],"10":[0,0]}}
,"/Users/dicksenveloopillay/Desktop/Centennial modules/Semester 1/MAPD-712 web tech mobile platforms/Assignments/milestone 4/MAPD712-F2022-Group2-M4-final/MAPD712-F2022-Group2-M2/views/AddRespiratoryRateView.js": {"path":"/Users/dicksenveloopillay/Desktop/Centennial modules/Semester 1/MAPD-712 web tech mobile platforms/Assignments/milestone 4/MAPD712-F2022-Group2-M4-final/MAPD712-F2022-Group2-M2/views/AddRespiratoryRateView.js","statementMap":{"0":{"start":{"line":25,"column":31},"end":{"line":172,"column":1}},"1":{"start":{"line":26,"column":26},"end":{"line":26,"column":46}},"2":{"start":{"line":28,"column":57},"end":{"line":28,"column":78}},"3":{"start":{"line":30,"column":36},"end":{"line":30,"column":57}},"4":{"start":{"line":32,"column":25},"end":{"line":34,"column":3}},"5":{"start":{"line":33,"column":4},"end":{"line":33,"column":34}},"6":{"start":{"line":36,"column":25},"end":{"line":38,"column":3}},"7":{"start":{"line":37,"column":4},"end":{"line":37,"column":35}},"8":{"start":{"line":40,"column":24},"end":{"line":46,"column":3}},"9":{"start":{"line":41,"column":23},"end":{"line":41,"column":56}},"10":{"start":{"line":43,"column":4},"end":{"line":43,"column":24}},"11":{"start":{"line":45,"column":4},"end":{"line":45,"column":21}},"12":{"start":{"line":47,"column":2},"end":{"line":171,"column":4}},"13":{"start":{"line":57,"column":12},"end":{"line":57,"column":34}},"14":{"start":{"line":58,"column":12},"end":{"line":94,"column":13}},"15":{"start":{"line":59,"column":14},"end":{"line":59,"column":40}},"16":{"start":{"line":61,"column":14},"end":{"line":61,"column":33}},"17":{"start":{"line":63,"column":14},"end":{"line":93,"column":19}},"18":{"start":{"line":82,"column":18},"end":{"line":86,"column":19}},"19":{"start":{"line":83,"column":20},"end":{"line":83,"column":43}},"20":{"start":{"line":85,"column":20},"end":{"line":85,"column":60}},"21":{"start":{"line":89,"column":18},"end":{"line":89,"column":38}},"22":{"start":{"line":90,"column":18},"end":{"line":92,"column":21}},"23":{"start":{"line":91,"column":49},"end":{"line":91,"column":68}},"24":{"start":{"line":105,"column":12},"end":{"line":164,"column":19}},"25":{"start":{"line":174,"column":15},"end":{"line":201,"column":2}}},"fnMap":{"0":{"name":"(anonymous_0)","decl":{"start":{"line":25,"column":31},"end":{"line":25,"column":32}},"loc":{"start":{"line":25,"column":58},"end":{"line":172,"column":1}},"line":25},"1":{"name":"(anonymous_1)","decl":{"start":{"line":32,"column":25},"end":{"line":32,"column":26}},"loc":{"start":{"line":32,"column":31},"end":{"line":34,"column":3}},"line":32},"2":{"name":"(anonymous_2)","decl":{"start":{"line":36,"column":25},"end":{"line":36,"column":26}},"loc":{"start":{"line":36,"column":31},"end":{"line":38,"column":3}},"line":36},"3":{"name":"(anonymous_3)","decl":{"start":{"line":40,"column":24},"end":{"line":40,"column":25}},"loc":{"start":{"line":40,"column":34},"end":{"line":46,"column":3}},"line":40},"4":{"name":"(anonymous_4)","decl":{"start":{"line":56,"column":20},"end":{"line":56,"column":21}},"loc":{"start":{"line":56,"column":32},"end":{"line":95,"column":11}},"line":56},"5":{"name":"(anonymous_5)","decl":{"start":{"line":81,"column":22},"end":{"line":81,"column":23}},"loc":{"start":{"line":81,"column":36},"end":{"line":87,"column":17}},"line":81},"6":{"name":"(anonymous_6)","decl":{"start":{"line":88,"column":22},"end":{"line":88,"column":23}},"loc":{"start":{"line":88,"column":34},"end":{"line":93,"column":17}},"line":88},"7":{"name":"(anonymous_7)","decl":{"start":{"line":91,"column":43},"end":{"line":91,"column":44}},"loc":{"start":{"line":91,"column":49},"end":{"line":91,"column":68}},"line":91},"8":{"name":"(anonymous_8)","decl":{"start":{"line":97,"column":11},"end":{"line":97,"column":12}},"loc":{"start":{"line":105,"column":12},"end":{"line":164,"column":19}},"line":105}},"branchMap":{"0":{"loc":{"start":{"line":58,"column":12},"end":{"line":94,"column":13}},"type":"if","locations":[{"start":{"line":58,"column":12},"end":{"line":94,"column":13}},{"start":{"line":60,"column":19},"end":{"line":94,"column":13}}],"line":58},"1":{"loc":{"start":{"line":82,"column":18},"end":{"line":86,"column":19}},"type":"if","locations":[{"start":{"line":82,"column":18},"end":{"line":86,"column":19}},{"start":{"line":84,"column":25},"end":{"line":86,"column":19}}],"line":82},"2":{"loc":{"start":{"line":109,"column":23},"end":{"line":109,"column":59}},"type":"cond-expr","locations":[{"start":{"line":109,"column":39},"end":{"line":109,"column":52}},{"start":{"line":109,"column":55},"end":{"line":109,"column":59}}],"line":109},"3":{"loc":{"start":{"line":127,"column":15},"end":{"line":131,"column":15}},"type":"binary-expr","locations":[{"start":{"line":127,"column":15},"end":{"line":127,"column":26}},{"start":{"line":128,"column":16},"end":{"line":130,"column":23}}],"line":127},"4":{"loc":{"start":{"line":157,"column":15},"end":{"line":161,"column":15}},"type":"binary-expr","locations":[{"start":{"line":157,"column":15},"end":{"line":157,"column":26}},{"start":{"line":158,"column":16},"end":{"line":160,"column":23}}],"line":157},"5":{"loc":{"start":{"line":169,"column":7},"end":{"line":169,"column":38}},"type":"binary-expr","locations":[{"start":{"line":169,"column":7},"end":{"line":169,"column":16}},{"start":{"line":169,"column":20},"end":{"line":169,"column":38}}],"line":169}},"s":{"0":0,"1":0,"2":0,"3":0,"4":0,"5":0,"6":0,"7":0,"8":0,"9":0,"10":0,"11":0,"12":0,"13":0,"14":0,"15":0,"16":0,"17":0,"18":0,"19":0,"20":0,"21":0,"22":0,"23":0,"24":0,"25":0},"f":{"0":0,"1":0,"2":0,"3":0,"4":0,"5":0,"6":0,"7":0,"8":0},"b":{"0":[0,0],"1":[0,0],"2":[0,0],"3":[0,0],"4":[0,0],"5":[0,0]}}
,"/Users/dicksenveloopillay/Desktop/Centennial modules/Semester 1/MAPD-712 web tech mobile platforms/Assignments/milestone 4/MAPD712-F2022-Group2-M4-final/MAPD712-F2022-Group2-M2/views/HomeView.js": {"path":"/Users/dicksenveloopillay/Desktop/Centennial modules/Semester 1/MAPD-712 web tech mobile platforms/Assignments/milestone 4/MAPD712-F2022-Group2-M4-final/MAPD712-F2022-Group2-M2/views/HomeView.js","statementMap":{"0":{"start":{"line":24,"column":17},"end":{"line":271,"column":1}},"1":{"start":{"line":25,"column":36},"end":{"line":25,"column":51}},"2":{"start":{"line":26,"column":40},"end":{"line":26,"column":55}},"3":{"start":{"line":27,"column":32},"end":{"line":27,"column":46}},"4":{"start":{"line":28,"column":26},"end":{"line":28,"column":38}},"5":{"start":{"line":29,"column":46},"end":{"line":29,"column":57}},"6":{"start":{"line":30,"column":42},"end":{"line":30,"column":54}},"7":{"start":{"line":31,"column":52},"end":{"line":31,"column":64}},"8":{"start":{"line":33,"column":22},"end":{"line":33,"column":36}},"9":{"start":{"line":41,"column":20},"end":{"line":47,"column":3}},"10":{"start":{"line":42,"column":4},"end":{"line":46,"column":5}},"11":{"start":{"line":43,"column":6},"end":{"line":43,"column":56}},"12":{"start":{"line":45,"column":6},"end":{"line":45,"column":21}},"13":{"start":{"line":51,"column":22},"end":{"line":72,"column":3}},"14":{"start":{"line":52,"column":4},"end":{"line":52,"column":16}},"15":{"start":{"line":53,"column":4},"end":{"line":53,"column":23}},"16":{"start":{"line":54,"column":4},"end":{"line":54,"column":22}},"17":{"start":{"line":55,"column":4},"end":{"line":71,"column":9}},"18":{"start":{"line":56,"column":26},"end":{"line":56,"column":41}},"19":{"start":{"line":58,"column":8},"end":{"line":61,"column":9}},"20":{"start":{"line":59,"column":10},"end":{"line":59,"column":31}},"21":{"start":{"line":60,"column":10},"end":{"line":60,"column":27}},"22":{"start":{"line":63,"column":8},"end":{"line":63,"column":22}},"23":{"start":{"line":65,"column":8},"end":{"line":65,"column":40}},"24":{"start":{"line":66,"column":8},"end":{"line":66,"column":28}},"25":{"start":{"line":69,"column":8},"end":{"line":69,"column":29}},"26":{"start":{"line":70,"column":8},"end":{"line":70,"column":28}},"27":{"start":{"line":75,"column":44},"end":{"line":96,"column":3}},"28":{"start":{"line":76,"column":4},"end":{"line":76,"column":16}},"29":{"start":{"line":77,"column":4},"end":{"line":77,"column":23}},"30":{"start":{"line":78,"column":4},"end":{"line":78,"column":22}},"31":{"start":{"line":79,"column":4},"end":{"line":95,"column":9}},"32":{"start":{"line":80,"column":26},"end":{"line":80,"column":41}},"33":{"start":{"line":82,"column":8},"end":{"line":85,"column":9}},"34":{"start":{"line":83,"column":10},"end":{"line":83,"column":31}},"35":{"start":{"line":84,"column":10},"end":{"line":84,"column":27}},"36":{"start":{"line":87,"column":8},"end":{"line":87,"column":22}},"37":{"start":{"line":89,"column":8},"end":{"line":89,"column":40}},"38":{"start":{"line":90,"column":8},"end":{"line":90,"column":28}},"39":{"start":{"line":93,"column":8},"end":{"line":93,"column":29}},"40":{"start":{"line":94,"column":8},"end":{"line":94,"column":28}},"41":{"start":{"line":99,"column":29},"end":{"line":120,"column":3}},"42":{"start":{"line":100,"column":4},"end":{"line":119,"column":5}},"43":{"start":{"line":101,"column":6},"end":{"line":101,"column":18}},"44":{"start":{"line":102,"column":6},"end":{"line":102,"column":25}},"45":{"start":{"line":103,"column":6},"end":{"line":103,"column":24}},"46":{"start":{"line":104,"column":20},"end":{"line":104,"column":62}},"47":{"start":{"line":106,"column":6},"end":{"line":114,"column":7}},"48":{"start":{"line":108,"column":8},"end":{"line":108,"column":39}},"49":{"start":{"line":109,"column":8},"end":{"line":109,"column":28}},"50":{"start":{"line":110,"column":8},"end":{"line":110,"column":35}},"51":{"start":{"line":112,"column":8},"end":{"line":112,"column":28}},"52":{"start":{"line":113,"column":8},"end":{"line":113,"column":25}},"53":{"start":{"line":116,"column":6},"end":{"line":116,"column":26}},"54":{"start":{"line":118,"column":6},"end":{"line":118,"column":21}},"55":{"start":{"line":122,"column":2},"end":{"line":137,"column":9}},"56":{"start":{"line":123,"column":4},"end":{"line":136,"column":7}},"57":{"start":{"line":124,"column":6},"end":{"line":124,"column":49}},"58":{"start":{"line":125,"column":6},"end":{"line":125,"column":54}},"59":{"start":{"line":127,"column":6},"end":{"line":127,"column":40}},"60":{"start":{"line":129,"column":6},"end":{"line":135,"column":7}},"61":{"start":{"line":131,"column":8},"end":{"line":131,"column":22}},"62":{"start":{"line":134,"column":8},"end":{"line":134,"column":29}},"63":{"start":{"line":139,"column":2},"end":{"line":270,"column":4}},"64":{"start":{"line":156,"column":14},"end":{"line":156,"column":28}},"65":{"start":{"line":157,"column":14},"end":{"line":157,"column":35}},"66":{"start":{"line":166,"column":14},"end":{"line":166,"column":50}},"67":{"start":{"line":167,"column":14},"end":{"line":167,"column":35}},"68":{"start":{"line":176,"column":14},"end":{"line":176,"column":35}},"69":{"start":{"line":177,"column":14},"end":{"line":177,"column":35}},"70":{"start":{"line":189,"column":14},"end":{"line":189,"column":42}},"71":{"start":{"line":191,"column":14},"end":{"line":193,"column":17}},"72":{"start":{"line":202,"column":14},"end":{"line":202,"column":42}},"73":{"start":{"line":205,"column":14},"end":{"line":208,"column":17}},"74":{"start":{"line":220,"column":35},"end":{"line":220,"column":48}},"75":{"start":{"line":224,"column":44},"end":{"line":224,"column":47}},"76":{"start":{"line":226,"column":12},"end":{"line":255,"column":13}},"77":{"start":{"line":231,"column":18},"end":{"line":231,"column":51}},"78":{"start":{"line":232,"column":18},"end":{"line":232,"column":49}},"79":{"start":{"line":233,"column":18},"end":{"line":233,"column":45}},"80":{"start":{"line":245,"column":18},"end":{"line":245,"column":51}},"81":{"start":{"line":246,"column":18},"end":{"line":246,"column":49}},"82":{"start":{"line":247,"column":18},"end":{"line":247,"column":45}},"83":{"start":{"line":258,"column":12},"end":{"line":260,"column":51}},"84":{"start":{"line":266,"column":39},"end":{"line":266,"column":77}},"85":{"start":{"line":273,"column":15},"end":{"line":289,"column":2}}},"fnMap":{"0":{"name":"(anonymous_0)","decl":{"start":{"line":24,"column":17},"end":{"line":24,"column":18}},"loc":{"start":{"line":24,"column":37},"end":{"line":271,"column":1}},"line":24},"1":{"name":"(anonymous_1)","decl":{"start":{"line":41,"column":20},"end":{"line":41,"column":21}},"loc":{"start":{"line":41,"column":37},"end":{"line":47,"column":3}},"line":41},"2":{"name":"(anonymous_2)","decl":{"start":{"line":51,"column":22},"end":{"line":51,"column":23}},"loc":{"start":{"line":51,"column":28},"end":{"line":72,"column":3}},"line":51},"3":{"name":"(anonymous_3)","decl":{"start":{"line":56,"column":12},"end":{"line":56,"column":13}},"loc":{"start":{"line":56,"column":26},"end":{"line":56,"column":41}},"line":56},"4":{"name":"(anonymous_4)","decl":{"start":{"line":57,"column":12},"end":{"line":57,"column":13}},"loc":{"start":{"line":57,"column":22},"end":{"line":67,"column":7}},"line":57},"5":{"name":"(anonymous_5)","decl":{"start":{"line":68,"column":13},"end":{"line":68,"column":14}},"loc":{"start":{"line":68,"column":24},"end":{"line":71,"column":7}},"line":68},"6":{"name":"(anonymous_6)","decl":{"start":{"line":75,"column":44},"end":{"line":75,"column":45}},"loc":{"start":{"line":75,"column":50},"end":{"line":96,"column":3}},"line":75},"7":{"name":"(anonymous_7)","decl":{"start":{"line":80,"column":12},"end":{"line":80,"column":13}},"loc":{"start":{"line":80,"column":26},"end":{"line":80,"column":41}},"line":80},"8":{"name":"(anonymous_8)","decl":{"start":{"line":81,"column":12},"end":{"line":81,"column":13}},"loc":{"start":{"line":81,"column":22},"end":{"line":91,"column":7}},"line":81},"9":{"name":"(anonymous_9)","decl":{"start":{"line":92,"column":13},"end":{"line":92,"column":14}},"loc":{"start":{"line":92,"column":24},"end":{"line":95,"column":7}},"line":92},"10":{"name":"(anonymous_10)","decl":{"start":{"line":99,"column":29},"end":{"line":99,"column":30}},"loc":{"start":{"line":99,"column":41},"end":{"line":120,"column":3}},"line":99},"11":{"name":"(anonymous_11)","decl":{"start":{"line":122,"column":12},"end":{"line":122,"column":13}},"loc":{"start":{"line":122,"column":18},"end":{"line":137,"column":3}},"line":122},"12":{"name":"(anonymous_12)","decl":{"start":{"line":123,"column":25},"end":{"line":123,"column":26}},"loc":{"start":{"line":123,"column":36},"end":{"line":136,"column":5}},"line":123},"13":{"name":"(anonymous_13)","decl":{"start":{"line":155,"column":21},"end":{"line":155,"column":22}},"loc":{"start":{"line":155,"column":27},"end":{"line":158,"column":13}},"line":155},"14":{"name":"(anonymous_14)","decl":{"start":{"line":165,"column":21},"end":{"line":165,"column":22}},"loc":{"start":{"line":165,"column":27},"end":{"line":168,"column":13}},"line":165},"15":{"name":"(anonymous_15)","decl":{"start":{"line":175,"column":21},"end":{"line":175,"column":22}},"loc":{"start":{"line":175,"column":27},"end":{"line":178,"column":13}},"line":175},"16":{"name":"(anonymous_16)","decl":{"start":{"line":188,"column":21},"end":{"line":188,"column":22}},"loc":{"start":{"line":188,"column":27},"end":{"line":194,"column":13}},"line":188},"17":{"name":"(anonymous_17)","decl":{"start":{"line":201,"column":21},"end":{"line":201,"column":22}},"loc":{"start":{"line":201,"column":27},"end":{"line":209,"column":13}},"line":201},"18":{"name":"(anonymous_18)","decl":{"start":{"line":220,"column":29},"end":{"line":220,"column":30}},"loc":{"start":{"line":220,"column":35},"end":{"line":220,"column":48}},"line":220},"19":{"name":"(anonymous_19)","decl":{"start":{"line":224,"column":24},"end":{"line":224,"column":25}},"loc":{"start":{"line":224,"column":44},"end":{"line":224,"column":47}},"line":224},"20":{"name":"(anonymous_20)","decl":{"start":{"line":225,"column":22},"end":{"line":225,"column":23}},"loc":{"start":{"line":226,"column":12},"end":{"line":255,"column":13}},"line":226},"21":{"name":"(anonymous_21)","decl":{"start":{"line":230,"column":25},"end":{"line":230,"column":26}},"loc":{"start":{"line":230,"column":31},"end":{"line":234,"column":17}},"line":230},"22":{"name":"(anonymous_22)","decl":{"start":{"line":244,"column":25},"end":{"line":244,"column":26}},"loc":{"start":{"line":244,"column":31},"end":{"line":248,"column":17}},"line":244},"23":{"name":"(anonymous_23)","decl":{"start":{"line":257,"column":21},"end":{"line":257,"column":22}},"loc":{"start":{"line":258,"column":12},"end":{"line":260,"column":51}},"line":258},"24":{"name":"(anonymous_24)","decl":{"start":{"line":266,"column":33},"end":{"line":266,"column":34}},"loc":{"start":{"line":266,"column":39},"end":{"line":266,"column":77}},"line":266}},"branchMap":{"0":{"loc":{"start":{"line":58,"column":8},"end":{"line":61,"column":9}},"type":"if","locations":[{"start":{"line":58,"column":8},"end":{"line":61,"column":9}},{"start":{},"end":{}}],"line":58},"1":{"loc":{"start":{"line":82,"column":8},"end":{"line":85,"column":9}},"type":"if","locations":[{"start":{"line":82,"column":8},"end":{"line":85,"column":9}},{"start":{},"end":{}}],"line":82},"2":{"loc":{"start":{"line":106,"column":6},"end":{"line":114,"column":7}},"type":"if","locations":[{"start":{"line":106,"column":6},"end":{"line":114,"column":7}},{"start":{"line":111,"column":13},"end":{"line":114,"column":7}}],"line":106},"3":{"loc":{"start":{"line":129,"column":6},"end":{"line":135,"column":7}},"type":"if","locations":[{"start":{"line":129,"column":6},"end":{"line":135,"column":7}},{"start":{"line":132,"column":13},"end":{"line":135,"column":7}}],"line":129},"4":{"loc":{"start":{"line":217,"column":7},"end":{"line":264,"column":7}},"type":"cond-expr","locations":[{"start":{"line":218,"column":8},"end":{"line":218,"column":24}},{"start":{"line":219,"column":10},"end":{"line":264,"column":7}}],"line":217},"5":{"loc":{"start":{"line":219,"column":10},"end":{"line":264,"column":7}},"type":"cond-expr","locations":[{"start":{"line":220,"column":8},"end":{"line":220,"column":52}},{"start":{"line":222,"column":8},"end":{"line":263,"column":10}}],"line":219},"6":{"loc":{"start":{"line":226,"column":12},"end":{"line":255,"column":13}},"type":"cond-expr","locations":[{"start":{"line":229,"column":14},"end":{"line":239,"column":16}},{"start":{"line":242,"column":14},"end":{"line":254,"column":16}}],"line":226},"7":{"loc":{"start":{"line":258,"column":12},"end":{"line":260,"column":51}},"type":"cond-expr","locations":[{"start":{"line":259,"column":16},"end":{"line":259,"column":29}},{"start":{"line":260,"column":16},"end":{"line":260,"column":51}}],"line":258}},"s":{"0":0,"1":0,"2":0,"3":0,"4":0,"5":0,"6":0,"7":0,"8":0,"9":0,"10":0,"11":0,"12":0,"13":0,"14":0,"15":0,"16":0,"17":0,"18":0,"19":0,"20":0,"21":0,"22":0,"23":0,"24":0,"25":0,"26":0,"27":0,"28":0,"29":0,"30":0,"31":0,"32":0,"33":0,"34":0,"35":0,"36":0,"37":0,"38":0,"39":0,"40":0,"41":0,"42":0,"43":0,"44":0,"45":0,"46":0,"47":0,"48":0,"49":0,"50":0,"51":0,"52":0,"53":0,"54":0,"55":0,"56":0,"57":0,"58":0,"59":0,"60":0,"61":0,"62":0,"63":0,"64":0,"65":0,"66":0,"67":0,"68":0,"69":0,"70":0,"71":0,"72":0,"73":0,"74":0,"75":0,"76":0,"77":0,"78":0,"79":0,"80":0,"81":0,"82":0,"83":0,"84":0,"85":0},"f":{"0":0,"1":0,"2":0,"3":0,"4":0,"5":0,"6":0,"7":0,"8":0,"9":0,"10":0,"11":0,"12":0,"13":0,"14":0,"15":0,"16":0,"17":0,"18":0,"19":0,"20":0,"21":0,"22":0,"23":0,"24":0},"b":{"0":[0,0],"1":[0,0],"2":[0,0],"3":[0,0],"4":[0,0],"5":[0,0],"6":[0,0],"7":[0,0]}}
,"/Users/dicksenveloopillay/Desktop/Centennial modules/Semester 1/MAPD-712 web tech mobile platforms/Assignments/milestone 4/MAPD712-F2022-Group2-M4-final/MAPD712-F2022-Group2-M2/views/LoginView.js": {"path":"/Users/dicksenveloopillay/Desktop/Centennial modules/Semester 1/MAPD-712 web tech mobile platforms/Assignments/milestone 4/MAPD712-F2022-Group2-M4-final/MAPD712-F2022-Group2-M2/views/LoginView.js","statementMap":{"0":{"start":{"line":17,"column":18},"end":{"line":116,"column":1}},"1":{"start":{"line":18,"column":36},"end":{"line":18,"column":57}},"2":{"start":{"line":21,"column":20},"end":{"line":27,"column":3}},"3":{"start":{"line":22,"column":4},"end":{"line":26,"column":5}},"4":{"start":{"line":23,"column":6},"end":{"line":23,"column":63}},"5":{"start":{"line":25,"column":6},"end":{"line":25,"column":21}},"6":{"start":{"line":29,"column":2},"end":{"line":115,"column":4}},"7":{"start":{"line":47,"column":14},"end":{"line":47,"column":33}},"8":{"start":{"line":48,"column":14},"end":{"line":55,"column":23}},"9":{"start":{"line":49,"column":16},"end":{"line":49,"column":36}},"10":{"start":{"line":51,"column":16},"end":{"line":51,"column":34}},"11":{"start":{"line":53,"column":16},"end":{"line":53,"column":36}},"12":{"start":{"line":54,"column":16},"end":{"line":54,"column":44}},"13":{"start":{"line":66,"column":14},"end":{"line":107,"column":21}},"14":{"start":{"line":118,"column":15},"end":{"line":155,"column":2}}},"fnMap":{"0":{"name":"(anonymous_0)","decl":{"start":{"line":17,"column":18},"end":{"line":17,"column":19}},"loc":{"start":{"line":17,"column":38},"end":{"line":116,"column":1}},"line":17},"1":{"name":"(anonymous_1)","decl":{"start":{"line":21,"column":20},"end":{"line":21,"column":21}},"loc":{"start":{"line":21,"column":37},"end":{"line":27,"column":3}},"line":21},"2":{"name":"(anonymous_2)","decl":{"start":{"line":46,"column":22},"end":{"line":46,"column":23}},"loc":{"start":{"line":46,"column":34},"end":{"line":56,"column":13}},"line":46},"3":{"name":"(anonymous_3)","decl":{"start":{"line":48,"column":25},"end":{"line":48,"column":26}},"loc":{"start":{"line":48,"column":31},"end":{"line":55,"column":15}},"line":48},"4":{"name":"(anonymous_4)","decl":{"start":{"line":58,"column":13},"end":{"line":58,"column":14}},"loc":{"start":{"line":66,"column":14},"end":{"line":107,"column":21}},"line":66}},"branchMap":{"0":{"loc":{"start":{"line":75,"column":17},"end":{"line":79,"column":17}},"type":"binary-expr","locations":[{"start":{"line":75,"column":17},"end":{"line":75,"column":32}},{"start":{"line":76,"column":18},"end":{"line":78,"column":25}}],"line":75},"1":{"loc":{"start":{"line":88,"column":17},"end":{"line":92,"column":17}},"type":"binary-expr","locations":[{"start":{"line":88,"column":17},"end":{"line":88,"column":32}},{"start":{"line":89,"column":18},"end":{"line":91,"column":25}}],"line":88},"2":{"loc":{"start":{"line":113,"column":7},"end":{"line":113,"column":38}},"type":"binary-expr","locations":[{"start":{"line":113,"column":7},"end":{"line":113,"column":16}},{"start":{"line":113,"column":20},"end":{"line":113,"column":38}}],"line":113}},"s":{"0":0,"1":0,"2":0,"3":0,"4":0,"5":0,"6":0,"7":0,"8":0,"9":0,"10":0,"11":0,"12":0,"13":0,"14":0},"f":{"0":0,"1":0,"2":0,"3":0,"4":0},"b":{"0":[0,0],"1":[0,0],"2":[0,0]}}
,"/Users/dicksenveloopillay/Desktop/Centennial modules/Semester 1/MAPD-712 web tech mobile platforms/Assignments/milestone 4/MAPD712-F2022-Group2-M4-final/MAPD712-F2022-Group2-M2/views/PatientClinicalView.js": {"path":"/Users/dicksenveloopillay/Desktop/Centennial modules/Semester 1/MAPD-712 web tech mobile platforms/Assignments/milestone 4/MAPD712-F2022-Group2-M4-final/MAPD712-F2022-Group2-M2/views/PatientClinicalView.js","statementMap":{"0":{"start":{"line":21,"column":28},"end":{"line":188,"column":1}},"1":{"start":{"line":22,"column":36},"end":{"line":22,"column":51}},"2":{"start":{"line":23,"column":32},"end":{"line":23,"column":46}},"3":{"start":{"line":24,"column":26},"end":{"line":24,"column":38}},"4":{"start":{"line":25,"column":46},"end":{"line":25,"column":57}},"5":{"start":{"line":27,"column":22},"end":{"line":27,"column":36}},"6":{"start":{"line":29,"column":20},"end":{"line":35,"column":3}},"7":{"start":{"line":30,"column":4},"end":{"line":34,"column":5}},"8":{"start":{"line":31,"column":6},"end":{"line":31,"column":60}},"9":{"start":{"line":33,"column":6},"end":{"line":33,"column":21}},"10":{"start":{"line":36,"column":34},"end":{"line":56,"column":3}},"11":{"start":{"line":37,"column":4},"end":{"line":37,"column":23}},"12":{"start":{"line":38,"column":4},"end":{"line":38,"column":22}},"13":{"start":{"line":39,"column":4},"end":{"line":55,"column":9}},"14":{"start":{"line":42,"column":26},"end":{"line":42,"column":41}},"15":{"start":{"line":44,"column":8},"end":{"line":47,"column":9}},"16":{"start":{"line":45,"column":10},"end":{"line":45,"column":31}},"17":{"start":{"line":46,"column":10},"end":{"line":46,"column":27}},"18":{"start":{"line":48,"column":8},"end":{"line":48,"column":22}},"19":{"start":{"line":49,"column":8},"end":{"line":49,"column":40}},"20":{"start":{"line":50,"column":8},"end":{"line":50,"column":28}},"21":{"start":{"line":53,"column":8},"end":{"line":53,"column":29}},"22":{"start":{"line":54,"column":8},"end":{"line":54,"column":28}},"23":{"start":{"line":59,"column":29},"end":{"line":80,"column":3}},"24":{"start":{"line":60,"column":4},"end":{"line":79,"column":5}},"25":{"start":{"line":61,"column":6},"end":{"line":61,"column":18}},"26":{"start":{"line":62,"column":6},"end":{"line":62,"column":25}},"27":{"start":{"line":63,"column":6},"end":{"line":63,"column":24}},"28":{"start":{"line":64,"column":20},"end":{"line":64,"column":66}},"29":{"start":{"line":66,"column":6},"end":{"line":74,"column":7}},"30":{"start":{"line":68,"column":8},"end":{"line":68,"column":39}},"31":{"start":{"line":69,"column":8},"end":{"line":69,"column":28}},"32":{"start":{"line":70,"column":8},"end":{"line":70,"column":35}},"33":{"start":{"line":72,"column":8},"end":{"line":72,"column":28}},"34":{"start":{"line":73,"column":8},"end":{"line":73,"column":25}},"35":{"start":{"line":76,"column":6},"end":{"line":76,"column":26}},"36":{"start":{"line":78,"column":6},"end":{"line":78,"column":21}},"37":{"start":{"line":82,"column":2},"end":{"line":84,"column":9}},"38":{"start":{"line":83,"column":4},"end":{"line":83,"column":30}},"39":{"start":{"line":86,"column":2},"end":{"line":187,"column":4}},"40":{"start":{"line":102,"column":12},"end":{"line":102,"column":38}},"41":{"start":{"line":103,"column":12},"end":{"line":103,"column":33}},"42":{"start":{"line":112,"column":12},"end":{"line":112,"column":33}},"43":{"start":{"line":113,"column":12},"end":{"line":113,"column":33}},"44":{"start":{"line":121,"column":14},"end":{"line":121,"column":42}},"45":{"start":{"line":122,"column":14},"end":{"line":124,"column":17}},"46":{"start":{"line":131,"column":14},"end":{"line":131,"column":42}},"47":{"start":{"line":132,"column":14},"end":{"line":134,"column":17}},"48":{"start":{"line":141,"column":14},"end":{"line":141,"column":42}},"49":{"start":{"line":142,"column":14},"end":{"line":144,"column":17}},"50":{"start":{"line":151,"column":14},"end":{"line":151,"column":42}},"51":{"start":{"line":152,"column":14},"end":{"line":154,"column":17}},"52":{"start":{"line":164,"column":42},"end":{"line":164,"column":67}},"53":{"start":{"line":168,"column":44},"end":{"line":168,"column":47}},"54":{"start":{"line":170,"column":12},"end":{"line":176,"column":14}},"55":{"start":{"line":178,"column":27},"end":{"line":178,"column":52}},"56":{"start":{"line":183,"column":39},"end":{"line":183,"column":65}},"57":{"start":{"line":190,"column":15},"end":{"line":206,"column":2}}},"fnMap":{"0":{"name":"(anonymous_0)","decl":{"start":{"line":21,"column":28},"end":{"line":21,"column":29}},"loc":{"start":{"line":21,"column":55},"end":{"line":188,"column":1}},"line":21},"1":{"name":"(anonymous_1)","decl":{"start":{"line":29,"column":20},"end":{"line":29,"column":21}},"loc":{"start":{"line":29,"column":37},"end":{"line":35,"column":3}},"line":29},"2":{"name":"(anonymous_2)","decl":{"start":{"line":36,"column":34},"end":{"line":36,"column":35}},"loc":{"start":{"line":36,"column":40},"end":{"line":56,"column":3}},"line":36},"3":{"name":"(anonymous_3)","decl":{"start":{"line":42,"column":12},"end":{"line":42,"column":13}},"loc":{"start":{"line":42,"column":26},"end":{"line":42,"column":41}},"line":42},"4":{"name":"(anonymous_4)","decl":{"start":{"line":43,"column":12},"end":{"line":43,"column":13}},"loc":{"start":{"line":43,"column":22},"end":{"line":51,"column":7}},"line":43},"5":{"name":"(anonymous_5)","decl":{"start":{"line":52,"column":13},"end":{"line":52,"column":14}},"loc":{"start":{"line":52,"column":24},"end":{"line":55,"column":7}},"line":52},"6":{"name":"(anonymous_6)","decl":{"start":{"line":59,"column":29},"end":{"line":59,"column":30}},"loc":{"start":{"line":59,"column":41},"end":{"line":80,"column":3}},"line":59},"7":{"name":"(anonymous_7)","decl":{"start":{"line":82,"column":12},"end":{"line":82,"column":13}},"loc":{"start":{"line":82,"column":18},"end":{"line":84,"column":3}},"line":82},"8":{"name":"(anonymous_8)","decl":{"start":{"line":101,"column":19},"end":{"line":101,"column":20}},"loc":{"start":{"line":101,"column":25},"end":{"line":104,"column":11}},"line":101},"9":{"name":"(anonymous_9)","decl":{"start":{"line":111,"column":19},"end":{"line":111,"column":20}},"loc":{"start":{"line":111,"column":25},"end":{"line":114,"column":11}},"line":111},"10":{"name":"(anonymous_10)","decl":{"start":{"line":120,"column":21},"end":{"line":120,"column":22}},"loc":{"start":{"line":120,"column":27},"end":{"line":125,"column":13}},"line":120},"11":{"name":"(anonymous_11)","decl":{"start":{"line":130,"column":21},"end":{"line":130,"column":22}},"loc":{"start":{"line":130,"column":27},"end":{"line":135,"column":13}},"line":130},"12":{"name":"(anonymous_12)","decl":{"start":{"line":140,"column":21},"end":{"line":140,"column":22}},"loc":{"start":{"line":140,"column":27},"end":{"line":145,"column":13}},"line":140},"13":{"name":"(anonymous_13)","decl":{"start":{"line":150,"column":21},"end":{"line":150,"column":22}},"loc":{"start":{"line":150,"column":27},"end":{"line":155,"column":13}},"line":150},"14":{"name":"(anonymous_14)","decl":{"start":{"line":164,"column":36},"end":{"line":164,"column":37}},"loc":{"start":{"line":164,"column":42},"end":{"line":164,"column":67}},"line":164},"15":{"name":"(anonymous_15)","decl":{"start":{"line":168,"column":24},"end":{"line":168,"column":25}},"loc":{"start":{"line":168,"column":44},"end":{"line":168,"column":47}},"line":168},"16":{"name":"(anonymous_16)","decl":{"start":{"line":169,"column":22},"end":{"line":169,"column":23}},"loc":{"start":{"line":170,"column":12},"end":{"line":176,"column":14}},"line":170},"17":{"name":"(anonymous_17)","decl":{"start":{"line":171,"column":23},"end":{"line":171,"column":24}},"loc":{"start":{"line":171,"column":29},"end":{"line":171,"column":31}},"line":171},"18":{"name":"(anonymous_18)","decl":{"start":{"line":178,"column":21},"end":{"line":178,"column":22}},"loc":{"start":{"line":178,"column":27},"end":{"line":178,"column":52}},"line":178},"19":{"name":"(anonymous_19)","decl":{"start":{"line":183,"column":33},"end":{"line":183,"column":34}},"loc":{"start":{"line":183,"column":39},"end":{"line":183,"column":65}},"line":183}},"branchMap":{"0":{"loc":{"start":{"line":44,"column":8},"end":{"line":47,"column":9}},"type":"if","locations":[{"start":{"line":44,"column":8},"end":{"line":47,"column":9}},{"start":{},"end":{}}],"line":44},"1":{"loc":{"start":{"line":66,"column":6},"end":{"line":74,"column":7}},"type":"if","locations":[{"start":{"line":66,"column":6},"end":{"line":74,"column":7}},{"start":{"line":71,"column":13},"end":{"line":74,"column":7}}],"line":66},"2":{"loc":{"start":{"line":161,"column":7},"end":{"line":181,"column":7}},"type":"cond-expr","locations":[{"start":{"line":162,"column":8},"end":{"line":162,"column":24}},{"start":{"line":163,"column":10},"end":{"line":181,"column":7}}],"line":161},"3":{"loc":{"start":{"line":163,"column":10},"end":{"line":181,"column":7}},"type":"cond-expr","locations":[{"start":{"line":164,"column":8},"end":{"line":164,"column":71}},{"start":{"line":166,"column":8},"end":{"line":180,"column":10}}],"line":163}},"s":{"0":0,"1":0,"2":0,"3":0,"4":0,"5":0,"6":0,"7":0,"8":0,"9":0,"10":0,"11":0,"12":0,"13":0,"14":0,"15":0,"16":0,"17":0,"18":0,"19":0,"20":0,"21":0,"22":0,"23":0,"24":0,"25":0,"26":0,"27":0,"28":0,"29":0,"30":0,"31":0,"32":0,"33":0,"34":0,"35":0,"36":0,"37":0,"38":0,"39":0,"40":0,"41":0,"42":0,"43":0,"44":0,"45":0,"46":0,"47":0,"48":0,"49":0,"50":0,"51":0,"52":0,"53":0,"54":0,"55":0,"56":0,"57":0},"f":{"0":0,"1":0,"2":0,"3":0,"4":0,"5":0,"6":0,"7":0,"8":0,"9":0,"10":0,"11":0,"12":0,"13":0,"14":0,"15":0,"16":0,"17":0,"18":0,"19":0},"b":{"0":[0,0],"1":[0,0],"2":[0,0],"3":[0,0]}}
,"/Users/dicksenveloopillay/Desktop/Centennial modules/Semester 1/MAPD-712 web tech mobile platforms/Assignments/milestone 4/MAPD712-F2022-Group2-M4-final/MAPD712-F2022-Group2-M2/views/SplashView.js": {"path":"/Users/dicksenveloopillay/Desktop/Centennial modules/Semester 1/MAPD-712 web tech mobile platforms/Assignments/milestone 4/MAPD712-F2022-Group2-M4-final/MAPD712-F2022-Group2-M2/views/SplashView.js","statementMap":{"0":{"start":{"line":6,"column":19},"end":{"line":34,"column":1}},"1":{"start":{"line":8,"column":18},"end":{"line":23,"column":3}},"2":{"start":{"line":9,"column":4},"end":{"line":22,"column":5}},"3":{"start":{"line":10,"column":20},"end":{"line":10,"column":69}},"4":{"start":{"line":12,"column":6},"end":{"line":17,"column":7}},"5":{"start":{"line":14,"column":8},"end":{"line":14,"column":35}},"6":{"start":{"line":16,"column":8},"end":{"line":16,"column":36}},"7":{"start":{"line":20,"column":6},"end":{"line":20,"column":21}},"8":{"start":{"line":21,"column":6},"end":{"line":21,"column":34}},"9":{"start":{"line":25,"column":2},"end":{"line":27,"column":9}},"10":{"start":{"line":26,"column":4},"end":{"line":26,"column":14}},"11":{"start":{"line":29,"column":2},"end":{"line":33,"column":4}},"12":{"start":{"line":36,"column":15},"end":{"line":44,"column":2}}},"fnMap":{"0":{"name":"(anonymous_0)","decl":{"start":{"line":6,"column":19},"end":{"line":6,"column":20}},"loc":{"start":{"line":6,"column":39},"end":{"line":34,"column":1}},"line":6},"1":{"name":"(anonymous_1)","decl":{"start":{"line":8,"column":18},"end":{"line":8,"column":19}},"loc":{"start":{"line":8,"column":30},"end":{"line":23,"column":3}},"line":8},"2":{"name":"(anonymous_2)","decl":{"start":{"line":25,"column":12},"end":{"line":25,"column":13}},"loc":{"start":{"line":25,"column":18},"end":{"line":27,"column":3}},"line":25}},"branchMap":{"0":{"loc":{"start":{"line":12,"column":6},"end":{"line":17,"column":7}},"type":"if","locations":[{"start":{"line":12,"column":6},"end":{"line":17,"column":7}},{"start":{"line":15,"column":13},"end":{"line":17,"column":7}}],"line":12}},"s":{"0":0,"1":0,"2":0,"3":0,"4":0,"5":0,"6":0,"7":0,"8":0,"9":0,"10":0,"11":0,"12":0},"f":{"0":0,"1":0,"2":0},"b":{"0":[0,0]}}
,"/Users/dicksenveloopillay/Desktop/Centennial modules/Semester 1/MAPD-712 web tech mobile platforms/Assignments/milestone 4/MAPD712-F2022-Group2-M4-final/MAPD712-F2022-Group2-M2/views/ViewGeneral.js": {"path":"/Users/dicksenveloopillay/Desktop/Centennial modules/Semester 1/MAPD-712 web tech mobile platforms/Assignments/milestone 4/MAPD712-F2022-Group2-M4-final/MAPD712-F2022-Group2-M2/views/ViewGeneral.js","statementMap":{"0":{"start":{"line":27,"column":20},"end":{"line":246,"column":1}},"1":{"start":{"line":28,"column":36},"end":{"line":28,"column":54}},"2":{"start":{"line":29,"column":34},"end":{"line":29,"column":52}},"3":{"start":{"line":30,"column":28},"end":{"line":30,"column":46}},"4":{"start":{"line":31,"column":30},"end":{"line":31,"column":48}},"5":{"start":{"line":32,"column":32},"end":{"line":32,"column":50}},"6":{"start":{"line":33,"column":24},"end":{"line":33,"column":43}},"7":{"start":{"line":34,"column":24},"end":{"line":34,"column":42}},"8":{"start":{"line":36,"column":57},"end":{"line":36,"column":78}},"9":{"start":{"line":38,"column":36},"end":{"line":38,"column":57}},"10":{"start":{"line":39,"column":50},"end":{"line":39,"column":71}},"11":{"start":{"line":41,"column":17},"end":{"line":41,"column":29}},"12":{"start":{"line":46,"column":25},"end":{"line":65,"column":3}},"13":{"start":{"line":47,"column":4},"end":{"line":47,"column":30}},"14":{"start":{"line":48,"column":4},"end":{"line":64,"column":9}},"15":{"start":{"line":49,"column":26},"end":{"line":49,"column":41}},"16":{"start":{"line":51,"column":8},"end":{"line":51,"column":41}},"17":{"start":{"line":52,"column":8},"end":{"line":52,"column":39}},"18":{"start":{"line":53,"column":8},"end":{"line":53,"column":36}},"19":{"start":{"line":54,"column":8},"end":{"line":54,"column":32}},"20":{"start":{"line":55,"column":8},"end":{"line":55,"column":41}},"21":{"start":{"line":56,"column":8},"end":{"line":56,"column":28}},"22":{"start":{"line":57,"column":8},"end":{"line":57,"column":38}},"23":{"start":{"line":59,"column":8},"end":{"line":59,"column":35}},"24":{"start":{"line":62,"column":8},"end":{"line":62,"column":29}},"25":{"start":{"line":63,"column":8},"end":{"line":63,"column":35}},"26":{"start":{"line":67,"column":2},"end":{"line":70,"column":9}},"27":{"start":{"line":69,"column":4},"end":{"line":69,"column":21}},"28":{"start":{"line":72,"column":25},"end":{"line":74,"column":3}},"29":{"start":{"line":73,"column":4},"end":{"line":73,"column":34}},"30":{"start":{"line":76,"column":25},"end":{"line":78,"column":3}},"31":{"start":{"line":77,"column":4},"end":{"line":77,"column":35}},"32":{"start":{"line":80,"column":24},"end":{"line":86,"column":3}},"33":{"start":{"line":81,"column":23},"end":{"line":81,"column":56}},"34":{"start":{"line":83,"column":4},"end":{"line":83,"column":23}},"35":{"start":{"line":85,"column":4},"end":{"line":85,"column":21}},"36":{"start":{"line":88,"column":2},"end":{"line":245,"column":4}},"37":{"start":{"line":105,"column":14},"end":{"line":113,"column":15}},"38":{"start":{"line":106,"column":16},"end":{"line":106,"column":51}},"39":{"start":{"line":108,"column":16},"end":{"line":108,"column":35}},"40":{"start":{"line":109,"column":16},"end":{"line":112,"column":25}},"41":{"start":{"line":110,"column":18},"end":{"line":110,"column":38}},"42":{"start":{"line":111,"column":18},"end":{"line":111,"column":38}},"43":{"start":{"line":124,"column":14},"end":{"line":237,"column":21}},"44":{"start":{"line":248,"column":15},"end":{"line":275,"column":2}}},"fnMap":{"0":{"name":"(anonymous_0)","decl":{"start":{"line":27,"column":20},"end":{"line":27,"column":21}},"loc":{"start":{"line":27,"column":47},"end":{"line":246,"column":1}},"line":27},"1":{"name":"(anonymous_1)","decl":{"start":{"line":46,"column":25},"end":{"line":46,"column":26}},"loc":{"start":{"line":46,"column":31},"end":{"line":65,"column":3}},"line":46},"2":{"name":"(anonymous_2)","decl":{"start":{"line":49,"column":12},"end":{"line":49,"column":13}},"loc":{"start":{"line":49,"column":26},"end":{"line":49,"column":41}},"line":49},"3":{"name":"(anonymous_3)","decl":{"start":{"line":50,"column":12},"end":{"line":50,"column":13}},"loc":{"start":{"line":50,"column":22},"end":{"line":60,"column":7}},"line":50},"4":{"name":"(anonymous_4)","decl":{"start":{"line":61,"column":13},"end":{"line":61,"column":14}},"loc":{"start":{"line":61,"column":24},"end":{"line":64,"column":7}},"line":61},"5":{"name":"(anonymous_5)","decl":{"start":{"line":67,"column":12},"end":{"line":67,"column":13}},"loc":{"start":{"line":67,"column":18},"end":{"line":70,"column":3}},"line":67},"6":{"name":"(anonymous_6)","decl":{"start":{"line":72,"column":25},"end":{"line":72,"column":26}},"loc":{"start":{"line":72,"column":31},"end":{"line":74,"column":3}},"line":72},"7":{"name":"(anonymous_7)","decl":{"start":{"line":76,"column":25},"end":{"line":76,"column":26}},"loc":{"start":{"line":76,"column":31},"end":{"line":78,"column":3}},"line":76},"8":{"name":"(anonymous_8)","decl":{"start":{"line":80,"column":24},"end":{"line":80,"column":25}},"loc":{"start":{"line":80,"column":34},"end":{"line":86,"column":3}},"line":80},"9":{"name":"(anonymous_9)","decl":{"start":{"line":104,"column":22},"end":{"line":104,"column":23}},"loc":{"start":{"line":104,"column":34},"end":{"line":114,"column":13}},"line":104},"10":{"name":"(anonymous_10)","decl":{"start":{"line":109,"column":27},"end":{"line":109,"column":28}},"loc":{"start":{"line":109,"column":33},"end":{"line":112,"column":17}},"line":109},"11":{"name":"(anonymous_11)","decl":{"start":{"line":116,"column":13},"end":{"line":116,"column":14}},"loc":{"start":{"line":124,"column":14},"end":{"line":237,"column":21}},"line":124}},"branchMap":{"0":{"loc":{"start":{"line":90,"column":7},"end":{"line":241,"column":7}},"type":"cond-expr","locations":[{"start":{"line":91,"column":8},"end":{"line":91,"column":26}},{"start":{"line":93,"column":8},"end":{"line":240,"column":21}}],"line":90},"1":{"loc":{"start":{"line":105,"column":14},"end":{"line":113,"column":15}},"type":"if","locations":[{"start":{"line":105,"column":14},"end":{"line":113,"column":15}},{"start":{"line":107,"column":21},"end":{"line":113,"column":15}}],"line":105},"2":{"loc":{"start":{"line":135,"column":17},"end":{"line":139,"column":17}},"type":"binary-expr","locations":[{"start":{"line":135,"column":17},"end":{"line":135,"column":33}},{"start":{"line":136,"column":18},"end":{"line":138,"column":25}}],"line":135},"3":{"loc":{"start":{"line":149,"column":17},"end":{"line":153,"column":17}},"type":"binary-expr","locations":[{"start":{"line":149,"column":17},"end":{"line":149,"column":32}},{"start":{"line":150,"column":18},"end":{"line":152,"column":25}}],"line":149},"4":{"loc":{"start":{"line":165,"column":17},"end":{"line":169,"column":17}},"type":"binary-expr","locations":[{"start":{"line":165,"column":17},"end":{"line":165,"column":29}},{"start":{"line":166,"column":18},"end":{"line":168,"column":25}}],"line":165},"5":{"loc":{"start":{"line":179,"column":17},"end":{"line":183,"column":17}},"type":"binary-expr","locations":[{"start":{"line":179,"column":17},"end":{"line":179,"column":30}},{"start":{"line":180,"column":18},"end":{"line":182,"column":25}}],"line":179},"6":{"loc":{"start":{"line":193,"column":17},"end":{"line":197,"column":17}},"type":"binary-expr","locations":[{"start":{"line":193,"column":17},"end":{"line":193,"column":31}},{"start":{"line":194,"column":18},"end":{"line":196,"column":25}}],"line":193},"7":{"loc":{"start":{"line":210,"column":31},"end":{"line":210,"column":57}},"type":"cond-expr","locations":[{"start":{"line":210,"column":45},"end":{"line":210,"column":49}},{"start":{"line":210,"column":52},"end":{"line":210,"column":57}}],"line":210},"8":{"loc":{"start":{"line":217,"column":31},"end":{"line":217,"column":57}},"type":"cond-expr","locations":[{"start":{"line":217,"column":45},"end":{"line":217,"column":49}},{"start":{"line":217,"column":52},"end":{"line":217,"column":57}}],"line":217},"9":{"loc":{"start":{"line":227,"column":25},"end":{"line":227,"column":59}},"type":"cond-expr","locations":[{"start":{"line":227,"column":40},"end":{"line":227,"column":53}},{"start":{"line":227,"column":56},"end":{"line":227,"column":59}}],"line":227},"10":{"loc":{"start":{"line":243,"column":7},"end":{"line":243,"column":38}},"type":"binary-expr","locations":[{"start":{"line":243,"column":7},"end":{"line":243,"column":16}},{"start":{"line":243,"column":20},"end":{"line":243,"column":38}}],"line":243}},"s":{"0":0,"1":0,"2":0,"3":0,"4":0,"5":0,"6":0,"7":0,"8":0,"9":0,"10":0,"11":0,"12":0,"13":0,"14":0,"15":0,"16":0,"17":0,"18":0,"19":0,"20":0,"21":0,"22":0,"23":0,"24":0,"25":0,"26":0,"27":0,"28":0,"29":0,"30":0,"31":0,"32":0,"33":0,"34":0,"35":0,"36":0,"37":0,"38":0,"39":0,"40":0,"41":0,"42":0,"43":0,"44":0},"f":{"0":0,"1":0,"2":0,"3":0,"4":0,"5":0,"6":0,"7":0,"8":0,"9":0,"10":0,"11":0},"b":{"0":[0,0],"1":[0,0],"2":[0,0],"3":[0,0],"4":[0,0],"5":[0,0],"6":[0,0],"7":[0,0],"8":[0,0],"9":[0,0],"10":[0,0]}}
}
